#
# A fatal error has been detected by the Java Runtime Environment:
#
#  EXCEPTION_ACCESS_VIOLATION (0xc0000005) at pc=0x00000000547276a1, pid=2492, tid=0x0000000000003b18
#
# JRE version: OpenJDK Runtime Environment (8.0_242-b01) (build 1.8.0_242-release-1644-b01)
# Java VM: OpenJDK 64-Bit Server VM (25.242-b01 mixed mode windows-amd64 compressed oops)
# Problematic frame:
# V  [jvm.dll+0x4376a1]
#
# Failed to write core dump. Minidumps are not enabled by default on client versions of Windows
#
# If you would like to submit a bug report, please visit:
#   
#

---------------  T H R E A D  ---------------

Current thread (0x00000000176e4800):  JavaThread "C2 CompilerThread0" daemon [_thread_in_native, id=15128, stack(0x0000000018d90000,0x0000000018e90000)]

siginfo: ExceptionCode=0xc0000005, reading address 0x000000011e5a1fdc

Registers:
RAX=0x000000001f6c2b38, RBX=0x0000000027735990, RCX=0x0000000000000168, RDX=0x0000000000000008
RSP=0x0000000018e8bec0, RBP=0xffffffffffffffff, RSI=0x000000011e5a1fb0, RDI=0x000000001e430f90
R8 =0x00000000ffffffff, R9 =0x0000000000000001, R10=0x0000000000000062, R11=0x0000000000000050
R12=0x0000000018e8c2d0, R13=0x0000000000000000, R14=0x00000000542f0000, R15=0x0000000000000002
RIP=0x00000000547276a1, EFLAGS=0x0000000000010287

Top of Stack: (sp=0x0000000018e8bec0)
0x0000000018e8bec0:   0000000027735990 000000001e5a1ed8
0x0000000018e8bed0:   000000001e430f90 0000000054a8dc90
0x0000000018e8bee0:   00000002000002e3 000000001e430f90
0x0000000018e8bef0:   0000000000000168 00000000000002e3
0x0000000018e8bf00:   0000000000000000 0000000000000000
0x0000000018e8bf10:   0000000018e8bfe0 00000000000003d8
0x0000000018e8bf20:   00000000176ef0f8 00000000176eed20
0x0000000018e8bf30:   0000000018e8c060 0000000000000000
0x0000000018e8bf40:   0000000018e8c2d0 00000000176eed10
0x0000000018e8bf50:   0000000018e8c3e0 000000005472aa19
0x0000000018e8bf60:   0000000018e8c2d0 0000000018e8c001
0x0000000018e8bf70:   00000000ffffffff 000000000000002d
0x0000000018e8bf80:   0000000000000006 00000000176eed10
0x0000000018e8bf90:   00000000213d1970 00000000213d86d0
0x0000000018e8bfa0:   00000000213d9958 00000000008f4a00
0x0000000018e8bfb0:   0000000000000006 000000002043e1d0 

Instructions: (pc=0x00000000547276a1)
0x0000000054727681:   c5 05 00 00 b9 08 00 00 00 48 89 4c 24 30 90 3b
0x0000000054727691:   47 18 73 0a 48 8b 47 20 48 8b 34 01 eb 02 33 f6
0x00000000547276a1:   0f b6 46 2c 41 bf 01 00 00 00 24 03 3c 02 75 0f
0x00000000547276b1:   48 8b 06 48 8b ce ff 90 c8 00 00 00 44 8b f8 49 


Register to memory mapping:

RAX=0x000000001f6c2b38 is an unknown value
RBX=0x0000000027735990 is an unknown value
RCX=0x0000000000000168 is an unknown value
RDX=0x0000000000000008 is an unknown value
RSP=0x0000000018e8bec0 is pointing into the stack for thread: 0x00000000176e4800
RBP=0xffffffffffffffff is an unknown value
RSI=0x000000011e5a1fb0 is an unknown value
RDI=0x000000001e430f90 is an unknown value
R8 =0x00000000ffffffff is an unallocated location in the heap
R9 =0x0000000000000001 is an unknown value
R10=0x0000000000000062 is an unknown value
R11=0x0000000000000050 is an unknown value
R12=0x0000000018e8c2d0 is pointing into the stack for thread: 0x00000000176e4800
R13=0x0000000000000000 is an unknown value
R14=0x00000000542f0000 is an unknown value
R15=0x0000000000000002 is an unknown value


Stack: [0x0000000018d90000,0x0000000018e90000],  sp=0x0000000018e8bec0,  free space=1007k
Native frames: (J=compiled Java code, j=interpreted, Vv=VM code, C=native code)
V  [jvm.dll+0x4376a1]
V  [jvm.dll+0x43aa19]
V  [jvm.dll+0x4456ab]
V  [jvm.dll+0x447fa8]
V  [jvm.dll+0x42b072]
V  [jvm.dll+0x8230f]
V  [jvm.dll+0x82c7f]
V  [jvm.dll+0x220b7f]
V  [jvm.dll+0x27276a]
C  [msvcr100.dll+0x21d9f]
C  [msvcr100.dll+0x21e3b]
C  [KERNEL32.DLL+0x17bd4]
C  [ntdll.dll+0x6ced1]


Current CompileTask:
C2: 348574 13415       4       com.android.tools.r8.graph.b0::a (174 bytes)


---------------  P R O C E S S  ---------------

Java Threads: ( => current thread )
  0x000000002169d000 JavaThread "ForkJoinPool.commonPool-worker-2" daemon [_thread_blocked, id=15896, stack(0x00000000290f0000,0x00000000291f0000)]
  0x000000002169b800 JavaThread "ForkJoinPool.commonPool-worker-0" daemon [_thread_blocked, id=6976, stack(0x00000000277c0000,0x00000000278c0000)]
  0x0000000021691800 JavaThread "Cache worker for Java compile cache (C:\Users\Kemane Donfack\.gradle\caches\6.1.1\javaCompile)" [_thread_blocked, id=14648, stack(0x0000000026160000,0x0000000026260000)]
  0x000000001a7d3800 JavaThread "Daemon worker Thread 2" [_thread_blocked, id=9484, stack(0x000000001cbe0000,0x000000001cce0000)]
  0x000000001a7ce000 JavaThread "Daemon Thread 2" [_thread_blocked, id=13576, stack(0x0000000000fb0000,0x00000000010b0000)]
  0x000000001a7d6800 JavaThread "Cache worker for file content cache (C:\Users\Kemane Donfack\.gradle\caches\6.1.1\fileContent)" [_thread_blocked, id=14580, stack(0x0000000023190000,0x0000000023290000)]
  0x000000001a7d5800 JavaThread "Memory manager" [_thread_blocked, id=1596, stack(0x000000001cee0000,0x000000001cfe0000)]
  0x0000000019ba1000 JavaThread "Cache worker for execution history cache (C:\Users\Kemane Donfack\.gradle\caches\6.1.1\executionHistory)" [_thread_blocked, id=8692, stack(0x000000001f2b0000,0x000000001f3b0000)]
  0x0000000019b9f800 JavaThread "Cache worker for file hash cache (C:\Users\Kemane Donfack\.gradle\caches\6.1.1\fileHashes)" [_thread_blocked, id=3844, stack(0x000000001d4e0000,0x000000001d5e0000)]
  0x0000000019b9e800 JavaThread "File lock request listener" [_thread_in_native, id=16140, stack(0x000000001d3e0000,0x000000001d4e0000)]
  0x00000000192df000 JavaThread "Cache worker for journal cache (C:\Users\Kemane Donfack\.gradle\caches\journal-1)" [_thread_blocked, id=3692, stack(0x000000001d2e0000,0x000000001d3e0000)]
  0x0000000019442000 JavaThread "Daemon periodic checks" [_thread_blocked, id=6800, stack(0x000000001c6e0000,0x000000001c7e0000)]
  0x000000001943a800 JavaThread "Incoming local TCP Connector on port 55409" [_thread_in_native, id=10644, stack(0x000000001c470000,0x000000001c570000)]
  0x000000001abfe000 JavaThread "Daemon health stats" [_thread_blocked, id=7336, stack(0x000000001be30000,0x000000001bf30000)]
  0x00000000190be000 JavaThread "Service Thread" daemon [_thread_blocked, id=10576, stack(0x0000000019490000,0x0000000019590000)]
  0x00000000176f9000 JavaThread "C1 CompilerThread2" daemon [_thread_blocked, id=13080, stack(0x0000000018f90000,0x0000000019090000)]
  0x00000000176eb000 JavaThread "C2 CompilerThread1" daemon [_thread_blocked, id=12368, stack(0x0000000018e90000,0x0000000018f90000)]
=>0x00000000176e4800 JavaThread "C2 CompilerThread0" daemon [_thread_in_native, id=15128, stack(0x0000000018d90000,0x0000000018e90000)]
  0x00000000176e3800 JavaThread "Attach Listener" daemon [_thread_blocked, id=15396, stack(0x0000000018c90000,0x0000000018d90000)]
  0x00000000176e2000 JavaThread "Signal Dispatcher" daemon [_thread_blocked, id=13716, stack(0x0000000018b90000,0x0000000018c90000)]
  0x0000000002abb800 JavaThread "Finalizer" daemon [_thread_blocked, id=5784, stack(0x0000000018960000,0x0000000018a60000)]
  0x00000000176c9000 JavaThread "Reference Handler" daemon [_thread_blocked, id=8796, stack(0x0000000018860000,0x0000000018960000)]
  0x00000000029c2800 JavaThread "main" [_thread_blocked, id=9864, stack(0x00000000028b0000,0x00000000029b0000)]

Other Threads:
  0x00000000176a5800 VMThread [stack: 0x0000000018760000,0x0000000018860000] [id=14264]
  0x00000000190bf000 WatcherThread [stack: 0x0000000019590000,0x0000000019690000] [id=7700]

VM state:not at safepoint (normal execution)

VM Mutex/Monitor currently owned by a thread: None

heap address: 0x0000000080000000, size: 2048 MB, Compressed Oops mode: 32-bit
Narrow klass base: 0x0000000000000000, Narrow klass shift: 3
Compressed class space size: 1073741824 Address: 0x0000000100000000

Heap:
 PSYoungGen      total 179712K, used 113399K [0x00000000d5580000, 0x00000000e8080000, 0x0000000100000000)
  eden space 128512K, 48% used [0x00000000d5580000,0x00000000d923e858,0x00000000dd300000)
  from space 51200K, 99% used [0x00000000e1880000,0x00000000e4a7f6a0,0x00000000e4a80000)
  to   space 71168K, 0% used [0x00000000dd300000,0x00000000dd300000,0x00000000e1880000)
 ParOldGen       total 152064K, used 121459K [0x0000000080000000, 0x0000000089480000, 0x00000000d5580000)
  object space 152064K, 79% used [0x0000000080000000,0x000000008769ceb8,0x0000000089480000)
 Metaspace       used 85706K, capacity 89608K, committed 89768K, reserved 1126400K
  class space    used 11546K, capacity 12341K, committed 12456K, reserved 1048576K

Card table byte_map: [0x0000000011e80000,0x0000000012290000] byte_map_base: 0x0000000011a80000

Marking Bits: (ParMarkBitMap*) 0x0000000054abf030
 Begin Bits: [0x0000000012940000, 0x0000000014940000)
 End Bits:   [0x0000000014940000, 0x0000000016940000)

Polling page: 0x0000000000c50000

CodeCache: size=245760Kb used=36599Kb max_used=37258Kb free=209160Kb
 bounds [0x0000000002ac0000, 0x0000000004f80000, 0x0000000011ac0000]
 total_blobs=12001 nmethods=11142 adapters=771
 compilation: enabled

Compilation events (10 events):
Event: 329.867 Thread 0x00000000176f9000 13496       1       java.nio.channels.FileLock::acquiredBy (5 bytes)
Event: 329.868 Thread 0x00000000176f9000 nmethod 13496 0x0000000003157690 code [0x00000000031577e0, 0x00000000031578f0]
Event: 329.887 Thread 0x00000000176f9000 13497       1       com.android.tools.r8.code.n::k (3 bytes)
Event: 329.888 Thread 0x00000000176f9000 nmethod 13497 0x0000000002ec9a90 code [0x0000000002ec9be0, 0x0000000002ec9cf0]
Event: 329.903 Thread 0x00000000176f9000 13498       1       com.android.tools.r8.code.z::k (3 bytes)
Event: 329.903 Thread 0x00000000176f9000 nmethod 13498 0x00000000036115d0 code [0x0000000003611720, 0x0000000003611830]
Event: 329.904 Thread 0x00000000176f9000 13499       1       com.android.tools.r8.code.U3::k (4 bytes)
Event: 329.904 Thread 0x00000000176f9000 nmethod 13499 0x0000000004bcdf90 code [0x0000000004bce0e0, 0x0000000004bce1f0]
Event: 329.904 Thread 0x00000000176f9000 13500       1       com.android.tools.r8.code.t3::k (4 bytes)
Event: 329.904 Thread 0x00000000176f9000 nmethod 13500 0x0000000004c5bd90 code [0x0000000004c5bee0, 0x0000000004c5bff0]

GC Heap History (10 events):
Event: 124.024 GC heap before
{Heap before GC invocations=28 (full 4):
 PSYoungGen      total 129024K, used 128441K [0x00000000d5580000, 0x00000000e2380000, 0x0000000100000000)
  eden space 113152K, 100% used [0x00000000d5580000,0x00000000dc400000,0x00000000dc400000)
  from space 15872K, 96% used [0x00000000dc400000,0x00000000dd2ee520,0x00000000dd380000)
  to   space 34816K, 0% used [0x00000000e0180000,0x00000000e0180000,0x00000000e2380000)
 ParOldGen       total 152064K, used 72041K [0x0000000080000000, 0x0000000089480000, 0x00000000d5580000)
  object space 152064K, 47% used [0x0000000080000000,0x000000008465a630,0x0000000089480000)
 Metaspace       used 67616K, capacity 70668K, committed 70952K, reserved 1110016K
  class space    used 9327K, capacity 9971K, committed 10024K, reserved 1048576K
Event: 124.147 GC heap after
Heap after GC invocations=28 (full 4):
 PSYoungGen      total 159744K, used 27446K [0x00000000d5580000, 0x00000000e1f00000, 0x0000000100000000)
  eden space 129536K, 0% used [0x00000000d5580000,0x00000000d5580000,0x00000000dd400000)
  from space 30208K, 90% used [0x00000000e0180000,0x00000000e1c4dba8,0x00000000e1f00000)
  to   space 38400K, 0% used [0x00000000dd400000,0x00000000dd400000,0x00000000df980000)
 ParOldGen       total 152064K, used 81940K [0x0000000080000000, 0x0000000089480000, 0x00000000d5580000)
  object space 152064K, 53% used [0x0000000080000000,0x0000000085005048,0x0000000089480000)
 Metaspace       used 67616K, capacity 70668K, committed 70952K, reserved 1110016K
  class space    used 9327K, capacity 9971K, committed 10024K, reserved 1048576K
}
Event: 146.452 GC heap before
{Heap before GC invocations=29 (full 4):
 PSYoungGen      total 159744K, used 156982K [0x00000000d5580000, 0x00000000e1f00000, 0x0000000100000000)
  eden space 129536K, 100% used [0x00000000d5580000,0x00000000dd400000,0x00000000dd400000)
  from space 30208K, 90% used [0x00000000e0180000,0x00000000e1c4dba8,0x00000000e1f00000)
  to   space 38400K, 0% used [0x00000000dd400000,0x00000000dd400000,0x00000000df980000)
 ParOldGen       total 152064K, used 81940K [0x0000000080000000, 0x0000000089480000, 0x00000000d5580000)
  object space 152064K, 53% used [0x0000000080000000,0x0000000085005048,0x0000000089480000)
 Metaspace       used 72889K, capacity 76194K, committed 76328K, reserved 1114112K
  class space    used 10097K, capacity 10764K, committed 10792K, reserved 1048576K
Event: 146.490 GC heap after
Heap after GC invocations=29 (full 4):
 PSYoungGen      total 167936K, used 24037K [0x00000000d5580000, 0x00000000e2d80000, 0x0000000100000000)
  eden space 129536K, 0% used [0x00000000d5580000,0x00000000d5580000,0x00000000dd400000)
  from space 38400K, 62% used [0x00000000dd400000,0x00000000deb79480,0x00000000df980000)
  to   space 39936K, 0% used [0x00000000e0680000,0x00000000e0680000,0x00000000e2d80000)
 ParOldGen       total 152064K, used 81948K [0x0000000080000000, 0x0000000089480000, 0x00000000d5580000)
  object space 152064K, 53% used [0x0000000080000000,0x0000000085007048,0x0000000089480000)
 Metaspace       used 72889K, capacity 76194K, committed 76328K, reserved 1114112K
  class space    used 10097K, capacity 10764K, committed 10792K, reserved 1048576K
}
Event: 258.011 GC heap before
{Heap before GC invocations=30 (full 4):
 PSYoungGen      total 167936K, used 153573K [0x00000000d5580000, 0x00000000e2d80000, 0x0000000100000000)
  eden space 129536K, 100% used [0x00000000d5580000,0x00000000dd400000,0x00000000dd400000)
  from space 38400K, 62% used [0x00000000dd400000,0x00000000deb79480,0x00000000df980000)
  to   space 39936K, 0% used [0x00000000e0680000,0x00000000e0680000,0x00000000e2d80000)
 ParOldGen       total 152064K, used 81948K [0x0000000080000000, 0x0000000089480000, 0x00000000d5580000)
  object space 152064K, 53% used [0x0000000080000000,0x0000000085007048,0x0000000089480000)
 Metaspace       used 77770K, capacity 81292K, committed 81448K, reserved 1120256K
  class space    used 10524K, capacity 11221K, committed 11304K, reserved 1048576K
Event: 258.052 GC heap after
Heap after GC invocations=30 (full 4):
 PSYoungGen      total 179200K, used 24787K [0x00000000d5580000, 0x00000000e2d80000, 0x0000000100000000)
  eden space 139264K, 0% used [0x00000000d5580000,0x00000000d5580000,0x00000000ddd80000)
  from space 39936K, 62% used [0x00000000e0680000,0x00000000e1eb4cb0,0x00000000e2d80000)
  to   space 40960K, 0% used [0x00000000ddd80000,0x00000000ddd80000,0x00000000e0580000)
 ParOldGen       total 152064K, used 81956K [0x0000000080000000, 0x0000000089480000, 0x00000000d5580000)
  object space 152064K, 53% used [0x0000000080000000,0x0000000085009048,0x0000000089480000)
 Metaspace       used 77770K, capacity 81292K, committed 81448K, reserved 1120256K
  class space    used 10524K, capacity 11221K, committed 11304K, reserved 1048576K
}
Event: 323.876 GC heap before
{Heap before GC invocations=31 (full 4):
 PSYoungGen      total 179200K, used 164051K [0x00000000d5580000, 0x00000000e2d80000, 0x0000000100000000)
  eden space 139264K, 100% used [0x00000000d5580000,0x00000000ddd80000,0x00000000ddd80000)
  from space 39936K, 62% used [0x00000000e0680000,0x00000000e1eb4cb0,0x00000000e2d80000)
  to   space 40960K, 0% used [0x00000000ddd80000,0x00000000ddd80000,0x00000000e0580000)
 ParOldGen       total 152064K, used 81956K [0x0000000080000000, 0x0000000089480000, 0x00000000d5580000)
  object space 152064K, 53% used [0x0000000080000000,0x0000000085009048,0x0000000089480000)
 Metaspace       used 85541K, capacity 89432K, committed 89768K, reserved 1126400K
  class space    used 11540K, capacity 12333K, committed 12456K, reserved 1048576K
Event: 324.006 GC heap after
Heap after GC invocations=31 (full 4):
 PSYoungGen      total 180224K, used 40932K [0x00000000d5580000, 0x00000000e4a80000, 0x0000000100000000)
  eden space 139264K, 0% used [0x00000000d5580000,0x00000000d5580000,0x00000000ddd80000)
  from space 40960K, 99% used [0x00000000ddd80000,0x00000000e05792d0,0x00000000e0580000)
  to   space 51200K, 0% used [0x00000000e1880000,0x00000000e1880000,0x00000000e4a80000)
 ParOldGen       total 152064K, used 91045K [0x0000000080000000, 0x0000000089480000, 0x00000000d5580000)
  object space 152064K, 59% used [0x0000000080000000,0x00000000858e9780,0x0000000089480000)
 Metaspace       used 85541K, capacity 89432K, committed 89768K, reserved 1126400K
  class space    used 11540K, capacity 12333K, committed 12456K, reserved 1048576K
}
Event: 328.640 GC heap before
{Heap before GC invocations=32 (full 4):
 PSYoungGen      total 180224K, used 180196K [0x00000000d5580000, 0x00000000e4a80000, 0x0000000100000000)
  eden space 139264K, 100% used [0x00000000d5580000,0x00000000ddd80000,0x00000000ddd80000)
  from space 40960K, 99% used [0x00000000ddd80000,0x00000000e05792d0,0x00000000e0580000)
  to   space 51200K, 0% used [0x00000000e1880000,0x00000000e1880000,0x00000000e4a80000)
 ParOldGen       total 152064K, used 91045K [0x0000000080000000, 0x0000000089480000, 0x00000000d5580000)
  object space 152064K, 59% used [0x0000000080000000,0x00000000858e9780,0x0000000089480000)
 Metaspace       used 85555K, capacity 89496K, committed 89768K, reserved 1126400K
  class space    used 11540K, capacity 12333K, committed 12456K, reserved 1048576K
Event: 329.235 GC heap after
Heap after GC invocations=32 (full 4):
 PSYoungGen      total 179712K, used 51197K [0x00000000d5580000, 0x00000000e8080000, 0x0000000100000000)
  eden space 128512K, 0% used [0x00000000d5580000,0x00000000d5580000,0x00000000dd300000)
  from space 51200K, 99% used [0x00000000e1880000,0x00000000e4a7f6a0,0x00000000e4a80000)
  to   space 71168K, 0% used [0x00000000dd300000,0x00000000dd300000,0x00000000e1880000)
 ParOldGen       total 152064K, used 121459K [0x0000000080000000, 0x0000000089480000, 0x00000000d5580000)
  object space 152064K, 79% used [0x0000000080000000,0x000000008769ceb8,0x0000000089480000)
 Metaspace       used 85555K, capacity 89496K, committed 89768K, reserved 1126400K
  class space    used 11540K, capacity 12333K, committed 12456K, reserved 1048576K
}

Deoptimization events (10 events):
Event: 326.436 Thread 0x000000002169a000 Uncommon trap: reason=bimorphic action=maybe_recompile pc=0x0000000003dd8c04 method=java.util.Collections$SetFromMap.contains(Ljava/lang/Object;)Z @ 5
Event: 326.436 Thread 0x000000002169a000 Uncommon trap: reason=bimorphic action=maybe_recompile pc=0x0000000003dd8c04 method=java.util.Collections$SetFromMap.contains(Ljava/lang/Object;)Z @ 5
Event: 326.445 Thread 0x000000002169a000 Uncommon trap: reason=bimorphic action=maybe_recompile pc=0x0000000003dd8c04 method=java.util.Collections$SetFromMap.contains(Ljava/lang/Object;)Z @ 5
Event: 326.445 Thread 0x000000002169a000 Uncommon trap: reason=bimorphic action=maybe_recompile pc=0x0000000003dd8c04 method=java.util.Collections$SetFromMap.contains(Ljava/lang/Object;)Z @ 5
Event: 327.698 Thread 0x000000002169a000 Uncommon trap: reason=class_check action=maybe_recompile pc=0x000000000460d8b0 method=java.util.stream.SortedOps$SizedRefSortingSink.end()V @ 57
Event: 327.699 Thread 0x000000002169a000 Uncommon trap: reason=class_check action=maybe_recompile pc=0x000000000460d8b0 method=java.util.stream.SortedOps$SizedRefSortingSink.end()V @ 57
Event: 328.051 Thread 0x000000002169c000 Uncommon trap: reason=predicate action=maybe_recompile pc=0x0000000004eb3f38 method=java.util.TimSort.gallopLeft(Ljava/lang/Object;[Ljava/lang/Object;IIILjava/util/Comparator;)I @ 65
Event: 328.350 Thread 0x000000002169c000 Uncommon trap: reason=unstable_if action=reinterpret pc=0x000000000406700c method=com.android.tools.r8.v.a.a.a.h.K.a(Ljava/lang/Object;I)I @ 130
Event: 328.350 Thread 0x000000002169c000 Uncommon trap: reason=unstable_if action=reinterpret pc=0x0000000004649970 method=com.android.tools.r8.v.a.a.a.h.K.a(Ljava/lang/Object;I)I @ 130
Event: 328.351 Thread 0x000000002169c000 Uncommon trap: reason=unstable_if action=reinterpret pc=0x00000000034d3648 method=com.android.tools.r8.v.a.a.a.h.K.a(Ljava/lang/Object;I)I @ 130

Classes redefined (0 events):
No events

Internal exceptions (10 events):
Event: 257.341 Thread 0x000000001a7d3800 Exception <a 'sun/nio/fs/WindowsException'> (0x00000000dd2a9740) thrown at [C:\src\AOSP-openjdk-git\hotspot\src\share\vm\prims\jni.cpp, line 710]
Event: 288.959 Thread 0x000000001a7d3800 Implicit null exception at 0x0000000004613172 to 0x0000000004613959
Event: 302.900 Thread 0x000000001a7d7000 Exception <a 'java/lang/NoSuchMethodError': <clinit>> (0x00000000d84d5e58) thrown at [C:\src\AOSP-openjdk-git\hotspot\src\share\vm\prims\jni.cpp, line 1615]
Event: 308.090 Thread 0x0000000021697000 Exception <a 'java/lang/NoSuchMethodError': <clinit>> (0x00000000da4e4098) thrown at [C:\src\AOSP-openjdk-git\hotspot\src\share\vm\prims\jni.cpp, line 1615]
Event: 308.615 Thread 0x0000000021699000 Exception <a 'java/lang/NoSuchMethodError': java.lang.Object.lambda$static$0(Ljava/lang/String;)Z> (0x00000000da5b8168) thrown at [C:\src\AOSP-openjdk-git\hotspot\src\share\vm\interpreter\linkResolver.cpp, line 620]
Event: 308.629 Thread 0x0000000021699000 Exception <a 'sun/nio/fs/WindowsException'> (0x00000000da6858a0) thrown at [C:\src\AOSP-openjdk-git\hotspot\src\share\vm\prims\jni.cpp, line 710]
Event: 314.109 Thread 0x0000000021699000 Exception <a 'java/lang/NoSuchMethodError': java.lang.Object.lambda$maxBy$1(Ljava/util/Comparator;Ljava/lang/Object;Ljava/lang/Object;)Ljava/lang/Object;> (0x00000000dabac4b8) thrown at [C:\src\AOSP-openjdk-git\hotspot\src\share\vm\interpreter\linkResolve
Event: 315.479 Thread 0x0000000021699000 Exception <a 'sun/nio/fs/WindowsException'> (0x00000000dae80c90) thrown at [C:\src\AOSP-openjdk-git\hotspot\src\share\vm\prims\jni.cpp, line 710]
Event: 315.767 Thread 0x000000001a7d3800 Implicit null exception at 0x00000000041261ec to 0x0000000004126259
Event: 323.635 Thread 0x000000002169a000 Exception <a 'sun/nio/fs/WindowsException'> (0x00000000dbbf6b08) thrown at [C:\src\AOSP-openjdk-git\hotspot\src\share\vm\prims\jni.cpp, line 710]

Events (10 events):
Event: 329.428 Thread 0x00000000176eb000 flushing nmethod 0x0000000004c91e90
Event: 329.428 Thread 0x00000000176eb000 flushing nmethod 0x0000000004c93710
Event: 329.428 Thread 0x00000000176eb000 flushing nmethod 0x0000000004c9e890
Event: 329.430 Thread 0x00000000176eb000 flushing nmethod 0x0000000004cad910
Event: 329.430 Thread 0x00000000176eb000 flushing nmethod 0x0000000004cb03d0
Event: 329.430 Thread 0x00000000176eb000 flushing nmethod 0x0000000004cb9b10
Event: 329.430 Thread 0x00000000176eb000 flushing nmethod 0x0000000004cc4090
Event: 329.430 Thread 0x00000000176eb000 flushing nmethod 0x0000000004cc6310
Event: 329.431 Thread 0x00000000176eb000 flushing nmethod 0x0000000004ccb010
Event: 329.433 Thread 0x00000000176eb000 flushing nmethod 0x0000000004d309d0


Dynamic libraries:
0x00007ff657650000 - 0x00007ff657681000 	C:\Program Files\Android\Android Studio\jre\bin\java.exe
0x00007ffe4f580000 - 0x00007ffe4f770000 	C:\Windows\SYSTEM32\ntdll.dll
0x00007ffe4d950000 - 0x00007ffe4da02000 	C:\Windows\System32\KERNEL32.DLL
0x00007ffe4cff0000 - 0x00007ffe4d293000 	C:\Windows\System32\KERNELBASE.dll
0x00007ffe4da90000 - 0x00007ffe4db33000 	C:\Windows\System32\ADVAPI32.dll
0x00007ffe4d690000 - 0x00007ffe4d72e000 	C:\Windows\System32\msvcrt.dll
0x00007ffe4ed30000 - 0x00007ffe4edc7000 	C:\Windows\System32\sechost.dll
0x00007ffe4dde0000 - 0x00007ffe4df00000 	C:\Windows\System32\RPCRT4.dll
0x00007ffe4d7a0000 - 0x00007ffe4d934000 	C:\Windows\System32\USER32.dll
0x00007ffe4cfc0000 - 0x00007ffe4cfe1000 	C:\Windows\System32\win32u.dll
0x00007ffe4df00000 - 0x00007ffe4df26000 	C:\Windows\System32\GDI32.dll
0x00007ffe4cc90000 - 0x00007ffe4ce24000 	C:\Windows\System32\gdi32full.dll
0x00007ffe4d570000 - 0x00007ffe4d60e000 	C:\Windows\System32\msvcp_win.dll
0x00007ffe4d2a0000 - 0x00007ffe4d39a000 	C:\Windows\System32\ucrtbase.dll
0x00007ffe4b500000 - 0x00007ffe4b785000 	C:\Windows\WinSxS\amd64_microsoft.windows.common-controls_6595b64144ccf1df_6.0.18362.535_none_e6c3b34713100821\COMCTL32.dll
0x00007ffe4e730000 - 0x00007ffe4ea66000 	C:\Windows\System32\combase.dll
0x00007ffe4ce90000 - 0x00007ffe4cf10000 	C:\Windows\System32\bcryptPrimitives.dll
0x00007ffe4df30000 - 0x00007ffe4df5e000 	C:\Windows\System32\IMM32.DLL
0x0000000054110000 - 0x00000000541e2000 	C:\Program Files\Android\Android Studio\jre\jre\bin\msvcr100.dll
0x00000000542f0000 - 0x0000000054b3b000 	C:\Program Files\Android\Android Studio\jre\jre\bin\server\jvm.dll
0x00007ffe4edf0000 - 0x00007ffe4edf8000 	C:\Windows\System32\PSAPI.DLL
0x00007ffe49080000 - 0x00007ffe490a4000 	C:\Windows\SYSTEM32\WINMM.dll
0x00007ffe3a830000 - 0x00007ffe3a839000 	C:\Windows\SYSTEM32\WSOCK32.dll
0x00007ffe4c1f0000 - 0x00007ffe4c1fa000 	C:\Windows\SYSTEM32\VERSION.dll
0x00007ffe4ea70000 - 0x00007ffe4eadf000 	C:\Windows\System32\WS2_32.dll
0x00007ffe49050000 - 0x00007ffe4907d000 	C:\Windows\SYSTEM32\winmmbase.dll
0x00007ffe4d3d0000 - 0x00007ffe4d41a000 	C:\Windows\System32\cfgmgr32.dll
0x00007ffe47df0000 - 0x00007ffe47dff000 	C:\Program Files\Android\Android Studio\jre\jre\bin\verify.dll
0x00007ffe38810000 - 0x00007ffe38839000 	C:\Program Files\Android\Android Studio\jre\jre\bin\java.dll
0x00007ffe2a7d0000 - 0x00007ffe2a7e6000 	C:\Program Files\Android\Android Studio\jre\jre\bin\zip.dll
0x00007ffe4e040000 - 0x00007ffe4e725000 	C:\Windows\System32\SHELL32.dll
0x00007ffe4ec80000 - 0x00007ffe4ed29000 	C:\Windows\System32\shcore.dll
0x00007ffe4c510000 - 0x00007ffe4cc8f000 	C:\Windows\System32\windows.storage.dll
0x00007ffe4c4f0000 - 0x00007ffe4c50f000 	C:\Windows\System32\profapi.dll
0x00007ffe4c460000 - 0x00007ffe4c4aa000 	C:\Windows\System32\powrprof.dll
0x00007ffe4c450000 - 0x00007ffe4c460000 	C:\Windows\System32\UMPDC.dll
0x00007ffe4df60000 - 0x00007ffe4dfb2000 	C:\Windows\System32\shlwapi.dll
0x00007ffe4c4d0000 - 0x00007ffe4c4e1000 	C:\Windows\System32\kernel.appcore.dll
0x00007ffe4d610000 - 0x00007ffe4d627000 	C:\Windows\System32\cryptsp.dll
0x00007ffe2a670000 - 0x00007ffe2a68a000 	C:\Program Files\Android\Android Studio\jre\jre\bin\net.dll
0x00007ffe4b820000 - 0x00007ffe4b887000 	C:\Windows\system32\mswsock.dll
0x00007ffe29910000 - 0x00007ffe29923000 	C:\Program Files\Android\Android Studio\jre\jre\bin\nio.dll
0x00007ffe23d90000 - 0x00007ffe23db6000 	C:\Users\Kemane Donfack\.gradle\native\31\windows-amd64\native-platform.dll
0x00007ffe375e0000 - 0x00007ffe375ed000 	C:\Program Files\Android\Android Studio\jre\jre\bin\management.dll
0x00007ffe4b100000 - 0x00007ffe4b133000 	C:\Windows\system32\rsaenh.dll
0x00007ffe4d3a0000 - 0x00007ffe4d3c6000 	C:\Windows\System32\bcrypt.dll
0x00007ffe4c370000 - 0x00007ffe4c395000 	C:\Windows\SYSTEM32\USERENV.dll
0x00007ffe4b9f0000 - 0x00007ffe4b9fc000 	C:\Windows\SYSTEM32\CRYPTBASE.dll
0x00007ffe4b2a0000 - 0x00007ffe4b2da000 	C:\Windows\SYSTEM32\IPHLPAPI.DLL
0x00007ffe4ee00000 - 0x00007ffe4ee08000 	C:\Windows\System32\NSI.dll
0x00007ffe422d0000 - 0x00007ffe422e6000 	C:\Windows\SYSTEM32\dhcpcsvc6.DLL
0x00007ffe42440000 - 0x00007ffe4245c000 	C:\Windows\SYSTEM32\dhcpcsvc.DLL
0x00007ffe4b2e0000 - 0x00007ffe4b3aa000 	C:\Windows\SYSTEM32\DNSAPI.dll
0x00007ffe4bea0000 - 0x00007ffe4c094000 	C:\Windows\SYSTEM32\dbghelp.dll

VM Arguments:
jvm_args: -Xmx2048m -Dfile.encoding=windows-1252 -Duser.country=FR -Duser.language=fr -Duser.variant 
java_command: org.gradle.launcher.daemon.bootstrap.GradleDaemon 6.1.1
java_class_path (initial): C:\Users\Kemane Donfack\.gradle\wrapper\dists\gradle-6.1.1-all\cfmwm155h49vnt3hynmlrsdst\gradle-6.1.1\lib\gradle-launcher-6.1.1.jar
Launcher Type: SUN_STANDARD

Environment Variables:
PATH=C:\app\Kemane_Donfack\product\11.2.0\dbhome_1\bin;C:\Program Files (x86)\Common Files\Oracle\Java\javapath;C:\Program Files (x86)\NVIDIA Corporation\PhysX\Common;C:\Windows\system32;C:\Windows;C:\Windows\System32\Wbem;C:\Windows\System32\WindowsPowerShell\v1.0\;C:\Windows\System32\OpenSSH\;C:\laragon\bin\php\php-7.2.19-Win32-VC15-x64;C:\laragon\bin\nodejs\node-v12;C:\laragon\bin\mysql\mysql-5.7.24-winx64\bin;C:\src\flutter\bin;C:\Program Files\nodejs\;C:\Program Files\Git\cmd;C:\Program Files\PostgreSQL\12\bin;C:\src\flutter\dart-sdk\bin;C:\src\Android\android-sdk\platform-tools;C:\src\Android\android-sdk\platforms\android-28;C:\composer;C:\Program Files\Microsoft SQL Server\Client SDK\ODBC\130\Tools\Binn\;C:\Program Files (x86)\Microsoft SQL Server\140\Tools\Binn\;C:\Program Files\Microsoft SQL Server\140\Tools\Binn\;C:\Program Files\Microsoft SQL Server\140\DTS\Binn\;C:\Program Files (x86)\Microsoft SQL Server\Client SDK\ODBC\130\Tools\Binn\;C:\Program Files (x86)\Microsoft SQL Server\140\DTS\Binn\;C:\Program Files (x86)\Microsoft SQL Server\140\Tools\Binn\ManagementStudio\;C:\Users\Kemane Donfack\AppData\Local\Programs\Python\Python38\Scripts\;C:\Users\Kemane Donfack\AppData\Local\Programs\Python\Python38\;C:\Users\Kemane Donfack\AppData\Local\Microsoft\WindowsApps;C:\Users\Kemane Donfack\AppData\Local\Programs\Microsoft VS Code\bin;C:\Users\Kemane Donfack\AppData\Roaming\Composer\vendor\bin;C:\Users\Kemane Donfack\AppData\Roaming\npm;
USERNAME=Kemane Donfack
OS=Windows_NT
PROCESSOR_IDENTIFIER=Intel64 Family 6 Model 58 Stepping 9, GenuineIntel



---------------  S Y S T E M  ---------------

OS: Windows 10.0 , 64 bit Build 18362 (10.0.18362.329)

CPU:total 4 (initial active 4) (2 cores per cpu, 2 threads per core) family 6 model 58 stepping 9, cmov, cx8, fxsr, mmx, sse, sse2, sse3, ssse3, sse4.1, sse4.2, popcnt, avx, clmul, erms, ht, tsc, tscinvbit, tscinv

Memory: 4k page, physical 6161460k(328588k free), swap 13520600k(2479324k free)

vm_info: OpenJDK 64-Bit Server VM (25.242-b01) for windows-amd64 JRE (1.8.0_242-release-1644-b01), built by "builder" with MS VC++ 10.0 (VS2010)

time: Thu Feb 11 22:06:55 2021
timezone: Afr. centrale Ouest
elapsed time: 349 seconds (0d 0h 5m 49s)

