#
# A fatal error has been detected by the Java Runtime Environment:
#
#  EXCEPTION_ACCESS_VIOLATION (0xc0000005) at pc=0x00000000543df93b, pid=13196, tid=0x0000000000003510
#
# JRE version: OpenJDK Runtime Environment (8.0_242-b01) (build 1.8.0_242-release-1644-b01)
# Java VM: OpenJDK 64-Bit Server VM (25.242-b01 mixed mode windows-amd64 compressed oops)
# Problematic frame:
# V  [jvm.dll+0xef93b]
#
# Failed to write core dump. Minidumps are not enabled by default on client versions of Windows
#
# If you would like to submit a bug report, please visit:
#   
#

---------------  T H R E A D  ---------------

Current thread (0x000000000273b000):  GCTaskThread [stack: 0x00000000124a0000,0x00000000125a0000] [id=13584]

siginfo: ExceptionCode=0xc0000005, reading address 0x00000001b9000008

Registers:
RAX=0x00000000126a0000, RBX=0x000000008221b819, RCX=0x0000000000000003, RDX=0x0000000000000001
RSP=0x000000001259f8c0, RBP=0x000000008221b80c, RSI=0x000000000280bc30, RDI=0x000000000280bc30
R8 =0x00000001b9000000, R9 =0x0000000100001610, R10=0x000000000000000c, R11=0x00000000548bfa28
R12=0x000000008221b810, R13=0x0000000100001868, R14=0x0000000100001870, R15=0x000000008221b800
RIP=0x00000000543df93b, EFLAGS=0x0000000000010206

Top of Stack: (sp=0x000000001259f8c0)
0x000000001259f8c0:   0000000100001610 000000008233f0a4
0x000000001259f8d0:   0000000000000003 00000000544e9622
0x000000001259f8e0:   0000000000000000 00000000000003d8
0x000000001259f8f0:   000000000273b7c8 000000000272ea70
0x000000001259f900:   0000000000001662 00000000546b9af0
0x000000001259f910:   0000000017c27350 0000000017315770
0x000000001259f920:   000000000280bc30 000000000273b3f0
0x000000001259f930:   0000000000000000 0000000000000c00
0x000000001259f940:   0000000000000000 0000000000000000
0x000000001259f950:   0000000000000000 0000000019d4b800
0x000000001259f960:   0000000000000001 0000000023206801
0x000000001259f970:   0000001a59639451 000000000273b7c8
0x000000001259f980:   000000000273b3f0 00000000000003d8
0x000000001259f990:   000000000273b3f0 000000000272ea70
0x000000001259f9a0:   000000000273b3e0 0000000017315770
0x000000001259f9b0:   000000000280bc30 00000000546b6a93 

Instructions: (pc=0x00000000543df93b)
0x00000000543df91b:   6d 00 84 d2 74 16 44 8b 43 08 8b 0d 8d 5d 67 00
0x00000000543df92b:   49 d3 e0 4c 03 05 7b 5d 67 00 eb 04 4c 8b 43 08
0x00000000543df93b:   45 8b 48 08 45 85 c9 7e 0c 41 f6 c1 01 75 4b 41
0x00000000543df94b:   c1 f9 03 eb 57 79 43 84 d2 41 8b c9 b8 10 00 00 


Register to memory mapping:

RAX=0x00000000126a0000 is an unknown value
RBX=0x000000008221b819 is pointing into object: 0x000000008221b818
[C 
 - klass: {type array char}
 - length: 55
RCX=0x0000000000000003 is an unknown value
RDX=0x0000000000000001 is an unknown value
RSP=0x000000001259f8c0 is an unknown value
RBP=0x000000008221b80c is pointing into object: 0x000000008221b800
java.lang.String 
 - klass: 'java/lang/String'
RSI=0x000000000280bc30 is an unknown value
RDI=0x000000000280bc30 is an unknown value
R8 =0x00000001b9000000 is an unknown value
R9 =0x0000000100001610 is pointing into metadata
R10=0x000000000000000c is an unknown value
R11=0x00000000548bfa28 is an unknown value
R12=0x000000008221b810 is pointing into object: 0x000000008221b800
java.lang.String 
 - klass: 'java/lang/String'
R13=0x0000000100001868 is pointing into metadata
R14=0x0000000100001870 is pointing into metadata
R15=0x000000008221b800 is an oop
java.lang.String 
 - klass: 'java/lang/String'


Stack: [0x00000000124a0000,0x00000000125a0000],  sp=0x000000001259f8c0,  free space=1022k
Native frames: (J=compiled Java code, j=interpreted, Vv=VM code, C=native code)
V  [jvm.dll+0xef93b]
V  [jvm.dll+0x3c9af0]
V  [jvm.dll+0x3c6a93]
V  [jvm.dll+0x3c482e]
V  [jvm.dll+0x27276a]
C  [msvcr100.dll+0x21d9f]
C  [msvcr100.dll+0x21e3b]
C  [KERNEL32.DLL+0x17bd4]
C  [ntdll.dll+0x6ced1]


---------------  P R O C E S S  ---------------

Java Threads: ( => current thread )
  0x0000000019d4b800 JavaThread "ForkJoinPool-3-worker-0" daemon [_thread_blocked, id=12392, stack(0x0000000026d80000,0x0000000026e80000)]
  0x0000000019d4a000 JavaThread "ForkJoinPool-3-worker-3" daemon [_thread_blocked, id=11020, stack(0x0000000026c80000,0x0000000026d80000)]
  0x000000001a2dc800 JavaThread "ForkJoinPool-3-worker-2" daemon [_thread_blocked, id=13964, stack(0x0000000026b80000,0x0000000026c80000)]
  0x000000001a2db800 JavaThread "ForkJoinPool-3-worker-1" daemon [_thread_blocked, id=13752, stack(0x000000001cd60000,0x000000001ce60000)]
  0x000000001a2d9800 JavaThread "WorkerExecutor Queue Thread 4" [_thread_blocked, id=10044, stack(0x00000000255e0000,0x00000000256e0000)]
  0x000000001a2d7000 JavaThread "WorkerExecutor Queue Thread 3" [_thread_blocked, id=2560, stack(0x0000000025020000,0x0000000025120000)]
  0x000000001a2d8800 JavaThread "WorkerExecutor Queue Thread 2" [_thread_blocked, id=13704, stack(0x0000000024f20000,0x0000000025020000)]
  0x000000001a2cf800 JavaThread "WorkerExecutor Queue" [_thread_blocked, id=11108, stack(0x0000000024e20000,0x0000000024f20000)]
  0x000000001a2d6800 JavaThread "Cache worker for Java compile cache (D:\SR1\Programmation\Programme Android Java\carwash\.gradle\6.1.1\javaCompile)" [_thread_blocked, id=12060, stack(0x0000000024d20000,0x0000000024e20000)]
  0x000000001a2d4000 JavaThread "Cache worker for execution history cache (D:\SR1\Programmation\Programme Android Java\carwash\.gradle\6.1.1\executionHistory)" [_thread_blocked, id=9952, stack(0x0000000024c20000,0x0000000024d20000)]
  0x000000001a2cf000 JavaThread "Execution worker for ':' Thread 3" [_thread_blocked, id=12332, stack(0x0000000024320000,0x0000000024420000)]
  0x000000001a2d3800 JavaThread "Execution worker for ':' Thread 2" [_thread_blocked, id=8912, stack(0x0000000024220000,0x0000000024320000)]
  0x000000001a2d5800 JavaThread "Execution worker for ':'" [_thread_blocked, id=15904, stack(0x0000000024120000,0x0000000024220000)]
  0x000000001a2d0800 JavaThread "Cache worker for file content cache (D:\SR1\Programmation\Programme Android Java\carwash\.gradle\6.1.1\fileContent)" [_thread_blocked, id=11760, stack(0x0000000023c20000,0x0000000023d20000)]
  0x000000001d7e3000 JavaThread "Cache worker for Build Output Cleanup Cache (D:\SR1\Programmation\Programme Android Java\carwash\.gradle\buildOutputCleanup)" [_thread_blocked, id=9168, stack(0x0000000023820000,0x0000000023920000)]
  0x000000001d7e2800 JavaThread "Build operations Thread 4" [_thread_blocked, id=10624, stack(0x0000000023520000,0x0000000023620000)]
  0x000000001d7e1800 JavaThread "Build operations Thread 3" [_thread_blocked, id=10072, stack(0x0000000021e50000,0x0000000021f50000)]
  0x000000001d7e8800 JavaThread "Build operations Thread 2" [_thread_blocked, id=4340, stack(0x0000000020c50000,0x0000000020d50000)]
  0x000000001d7e5800 JavaThread "Build operations" [_thread_blocked, id=10040, stack(0x0000000020b50000,0x0000000020c50000)]
  0x000000001d7e7000 JavaThread "Cache worker for cache directory md-rule (C:\Users\Kemane Donfack\.gradle\caches\6.1.1\md-rule)" [_thread_blocked, id=1196, stack(0x0000000020a50000,0x0000000020b50000)]
  0x000000001d7e6000 JavaThread "Cache worker for cache directory md-supplier (C:\Users\Kemane Donfack\.gradle\caches\6.1.1\md-supplier)" [_thread_blocked, id=12052, stack(0x000000001ec30000,0x000000001ed30000)]
  0x000000001d7e1000 JavaThread "Cache worker for file hash cache (D:\SR1\Programmation\Programme Android Java\carwash\.gradle\6.1.1\fileHashes)" [_thread_blocked, id=14812, stack(0x000000001e930000,0x000000001ea30000)]
  0x000000001d7e4800 JavaThread "Cache worker for checksums cache (D:\SR1\Programmation\Programme Android Java\carwash\.gradle\checksums)" [_thread_blocked, id=14864, stack(0x000000001e830000,0x000000001e930000)]
  0x000000001d7d9800 JavaThread "Thread-87" [_thread_blocked, id=11132, stack(0x000000001e430000,0x000000001e530000)]
  0x000000001d7e0000 JavaThread "Asynchronous log dispatcher for DefaultDaemonConnection: socket connection from /127.0.0.1:53386 to /127.0.0.1:55307" [_thread_blocked, id=7956, stack(0x000000001ca60000,0x000000001cb60000)]
  0x000000001d7de800 JavaThread "Daemon worker Thread 3" [_thread_blocked, id=11524, stack(0x000000001c960000,0x000000001ca60000)]
  0x000000001d7de000 JavaThread "Cancel handler" [_thread_blocked, id=14444, stack(0x000000001c660000,0x000000001c760000)]
  0x000000001d7dd000 JavaThread "Handler for socket connection from /127.0.0.1:53386 to /127.0.0.1:55307" [_thread_in_native, id=10912, stack(0x000000001c560000,0x000000001c660000)]
  0x000000001d7db800 JavaThread "Daemon Thread 3" [_thread_blocked, id=8332, stack(0x0000000000bc0000,0x0000000000cc0000)]
  0x000000001a2db000 JavaThread "Cache worker for Java compile cache (C:\Users\Kemane Donfack\.gradle\caches\6.1.1\javaCompile)" [_thread_blocked, id=10740, stack(0x0000000023b20000,0x0000000023c20000)]
  0x000000001a2ce000 JavaThread "Cache worker for file content cache (C:\Users\Kemane Donfack\.gradle\caches\6.1.1\fileContent)" [_thread_blocked, id=9824, stack(0x0000000021d50000,0x0000000021e50000)]
  0x000000001a2d5000 JavaThread "Memory manager" [_thread_blocked, id=8384, stack(0x000000001e530000,0x000000001e630000)]
  0x0000000019d4e000 JavaThread "Cache worker for execution history cache (C:\Users\Kemane Donfack\.gradle\caches\6.1.1\executionHistory)" [_thread_blocked, id=10248, stack(0x000000001ed30000,0x000000001ee30000)]
  0x0000000019d50000 JavaThread "Cache worker for file hash cache (C:\Users\Kemane Donfack\.gradle\caches\6.1.1\fileHashes)" [_thread_blocked, id=8132, stack(0x000000001e230000,0x000000001e330000)]
  0x0000000019d4b000 JavaThread "File lock request listener" [_thread_in_native, id=13244, stack(0x000000001e130000,0x000000001e230000)]
  0x000000001a724800 JavaThread "Cache worker for journal cache (C:\Users\Kemane Donfack\.gradle\caches\journal-1)" [_thread_blocked, id=7912, stack(0x000000001e030000,0x000000001e130000)]
  0x000000001902d000 JavaThread "Daemon periodic checks" [_thread_blocked, id=5720, stack(0x000000001c460000,0x000000001c560000)]
  0x0000000019aa5000 JavaThread "Incoming local TCP Connector on port 53386" [_thread_in_native, id=13292, stack(0x00000000194c0000,0x00000000195c0000)]
  0x0000000019185800 JavaThread "Daemon health stats" [_thread_blocked, id=10608, stack(0x00000000193c0000,0x00000000194c0000)]
  0x000000001749e800 JavaThread "Service Thread" daemon [_thread_blocked, id=11176, stack(0x00000000191c0000,0x00000000192c0000)]
  0x0000000017456800 JavaThread "C1 CompilerThread2" daemon [_thread_blocked, id=15368, stack(0x0000000018cc0000,0x0000000018dc0000)]
  0x000000001744e000 JavaThread "C2 CompilerThread1" daemon [_thread_blocked, id=5224, stack(0x0000000018bc0000,0x0000000018cc0000)]
  0x0000000017446800 JavaThread "C2 CompilerThread0" daemon [_thread_blocked, id=6280, stack(0x0000000018ac0000,0x0000000018bc0000)]
  0x0000000017445000 JavaThread "Attach Listener" daemon [_thread_blocked, id=3208, stack(0x00000000189c0000,0x0000000018ac0000)]
  0x0000000017442000 JavaThread "Signal Dispatcher" daemon [_thread_blocked, id=3720, stack(0x00000000188c0000,0x00000000189c0000)]
  0x000000000281b800 JavaThread "Finalizer" daemon [_thread_blocked, id=8420, stack(0x0000000018690000,0x0000000018790000)]
  0x0000000017429000 JavaThread "Reference Handler" daemon [_thread_blocked, id=780, stack(0x0000000018590000,0x0000000018690000)]
  0x0000000002722800 JavaThread "main" [_thread_blocked, id=4636, stack(0x0000000002570000,0x0000000002670000)]

Other Threads:
  0x0000000017405800 VMThread [stack: 0x0000000018490000,0x0000000018590000] [id=7496]
  0x0000000018df1800 WatcherThread [stack: 0x00000000192c0000,0x00000000193c0000] [id=13116]

=>0x000000000273b000 (exited) GCTaskThread [stack: 0x00000000124a0000,0x00000000125a0000] [id=13584]

VM state:at safepoint (normal execution)

VM Mutex/Monitor currently owned by a thread:  ([mutex/lock_event])
[0x000000000271d9b0] Threads_lock - owner thread: 0x0000000017405800
[0x000000000271d8b0] Heap_lock - owner thread: 0x000000001a2dc800

heap address: 0x0000000080000000, size: 2048 MB, Compressed Oops mode: 32-bit
Narrow klass base: 0x0000000000000000, Narrow klass shift: 3
Compressed class space size: 1073741824 Address: 0x0000000100000000

Heap:
 PSYoungGen      total 118784K, used 6561K [0x00000000d5580000, 0x00000000e0c80000, 0x0000000100000000)
  eden space 60416K, 0% used [0x00000000d5580000,0x00000000d5580000,0x00000000d9080000)
  from space 58368K, 11% used [0x00000000d9080000,0x00000000d96e85a0,0x00000000dc980000)
  to   space 57856K, 0% used [0x00000000dd400000,0x00000000dd400000,0x00000000e0c80000)
 ParOldGen       total 168448K, used 167796K [0x0000000080000000, 0x000000008a480000, 0x00000000d5580000)
  object space 168448K, 99% used [0x0000000080000000,0x000000008a3dd3d0,0x000000008a480000)
 Metaspace       used 88166K, capacity 92468K, committed 92712K, reserved 1130496K
  class space    used 11689K, capacity 12515K, committed 12592K, reserved 1048576K

Card table byte_map: [0x0000000011be0000,0x0000000011ff0000] byte_map_base: 0x00000000117e0000

Marking Bits: (ParMarkBitMap*) 0x0000000054abf030
 Begin Bits: [0x00000000126a0000, 0x00000000146a0000)
 End Bits:   [0x00000000146a0000, 0x00000000166a0000)

Polling page: 0x0000000000890000

CodeCache: size=245760Kb used=45413Kb max_used=45413Kb free=200346Kb
 bounds [0x0000000002820000, 0x00000000054c0000, 0x0000000011820000]
 total_blobs=14165 nmethods=13303 adapters=773
 compilation: enabled

Compilation events (10 events):
Event: 2231.724 Thread 0x0000000017456800 nmethod 16760 0x00000000054a30d0 code [0x00000000054a3240, 0x00000000054a3490]
Event: 2231.724 Thread 0x0000000017456800 16761       3       com.android.tools.r8.code.z2::a (17 bytes)
Event: 2231.724 Thread 0x0000000017456800 nmethod 16761 0x00000000054a2a90 code [0x00000000054a2c00, 0x00000000054a2f68]
Event: 2231.724 Thread 0x0000000017456800 16762       3       com.android.tools.r8.code.i::a (17 bytes)
Event: 2231.725 Thread 0x0000000017456800 nmethod 16762 0x00000000054a2450 code [0x00000000054a25c0, 0x00000000054a2928]
Event: 2231.725 Thread 0x0000000017456800 16763       1       com.android.tools.r8.code.x1::k (4 bytes)
Event: 2231.725 Thread 0x0000000017456800 nmethod 16763 0x00000000054a2190 code [0x00000000054a22e0, 0x00000000054a23f0]
Event: 2231.740 Thread 0x0000000017456800 16764       3       com.android.tools.r8.code.z3::g (8 bytes)
Event: 2231.741 Thread 0x0000000017456800 nmethod 16764 0x00000000054a1d10 code [0x00000000054a1e80, 0x00000000054a20d0]
Event: 2231.741 Thread 0x0000000017456800 16765       3       com.android.tools.r8.code.z3::a (19 bytes)

GC Heap History (10 events):
Event: 2220.232 GC heap after
Heap after GC invocations=67 (full 6):
 PSYoungGen      total 94720K, used 14205K [0x00000000d5580000, 0x00000000dda00000, 0x0000000100000000)
  eden space 55808K, 0% used [0x00000000d5580000,0x00000000d5580000,0x00000000d8c00000)
  from space 38912K, 36% used [0x00000000d8c00000,0x00000000d99df4f0,0x00000000db200000)
  to   space 36864K, 0% used [0x00000000db600000,0x00000000db600000,0x00000000dda00000)
 ParOldGen       total 146944K, used 97037K [0x0000000080000000, 0x0000000088f80000, 0x00000000d5580000)
  object space 146944K, 66% used [0x0000000080000000,0x0000000085ec36e0,0x0000000088f80000)
 Metaspace       used 87956K, capacity 92166K, committed 92456K, reserved 1128448K
  class space    used 11681K, capacity 12500K, committed 12592K, reserved 1048576K
}
Event: 2225.260 GC heap before
{Heap before GC invocations=68 (full 6):
 PSYoungGen      total 94720K, used 69881K [0x00000000d5580000, 0x00000000dda00000, 0x0000000100000000)
  eden space 55808K, 99% used [0x00000000d5580000,0x00000000d8bdf0d0,0x00000000d8c00000)
  from space 38912K, 36% used [0x00000000d8c00000,0x00000000d99df4f0,0x00000000db200000)
  to   space 36864K, 0% used [0x00000000db600000,0x00000000db600000,0x00000000dda00000)
 ParOldGen       total 146944K, used 97037K [0x0000000080000000, 0x0000000088f80000, 0x00000000d5580000)
  object space 146944K, 66% used [0x0000000080000000,0x0000000085ec36e0,0x0000000088f80000)
 Metaspace       used 88141K, capacity 92400K, committed 92712K, reserved 1130496K
  class space    used 11689K, capacity 12515K, committed 12592K, reserved 1048576K
Event: 2225.427 GC heap after
Heap after GC invocations=68 (full 6):
 PSYoungGen      total 97792K, used 21753K [0x00000000d5580000, 0x00000000dd980000, 0x0000000100000000)
  eden space 61440K, 0% used [0x00000000d5580000,0x00000000d5580000,0x00000000d9180000)
  from space 36352K, 59% used [0x00000000db600000,0x00000000dcb3e4f0,0x00000000dd980000)
  to   space 36864K, 0% used [0x00000000d9180000,0x00000000d9180000,0x00000000db580000)
 ParOldGen       total 146944K, used 97705K [0x0000000080000000, 0x0000000088f80000, 0x00000000d5580000)
  object space 146944K, 66% used [0x0000000080000000,0x0000000085f6a740,0x0000000088f80000)
 Metaspace       used 88141K, capacity 92400K, committed 92712K, reserved 1130496K
  class space    used 11689K, capacity 12515K, committed 12592K, reserved 1048576K
}
Event: 2226.590 GC heap before
{Heap before GC invocations=69 (full 6):
 PSYoungGen      total 97792K, used 83193K [0x00000000d5580000, 0x00000000dd980000, 0x0000000100000000)
  eden space 61440K, 100% used [0x00000000d5580000,0x00000000d9180000,0x00000000d9180000)
  from space 36352K, 59% used [0x00000000db600000,0x00000000dcb3e4f0,0x00000000dd980000)
  to   space 36864K, 0% used [0x00000000d9180000,0x00000000d9180000,0x00000000db580000)
 ParOldGen       total 146944K, used 97705K [0x0000000080000000, 0x0000000088f80000, 0x00000000d5580000)
  object space 146944K, 66% used [0x0000000080000000,0x0000000085f6a740,0x0000000088f80000)
 Metaspace       used 88148K, capacity 92404K, committed 92712K, reserved 1130496K
  class space    used 11689K, capacity 12515K, committed 12592K, reserved 1048576K
Event: 2229.576 GC heap after
Heap after GC invocations=69 (full 6):
 PSYoungGen      total 98304K, used 36845K [0x00000000d5580000, 0x00000000df780000, 0x0000000100000000)
  eden space 61440K, 0% used [0x00000000d5580000,0x00000000d5580000,0x00000000d9180000)
  from space 36864K, 99% used [0x00000000d9180000,0x00000000db57b588,0x00000000db580000)
  to   space 47104K, 0% used [0x00000000dc980000,0x00000000dc980000,0x00000000df780000)
 ParOldGen       total 146944K, used 110157K [0x0000000080000000, 0x0000000088f80000, 0x00000000d5580000)
  object space 146944K, 74% used [0x0000000080000000,0x0000000086b93760,0x0000000088f80000)
 Metaspace       used 88148K, capacity 92404K, committed 92712K, reserved 1130496K
  class space    used 11689K, capacity 12515K, committed 12592K, reserved 1048576K
}
Event: 2230.831 GC heap before
{Heap before GC invocations=70 (full 6):
 PSYoungGen      total 98304K, used 98285K [0x00000000d5580000, 0x00000000df780000, 0x0000000100000000)
  eden space 61440K, 100% used [0x00000000d5580000,0x00000000d9180000,0x00000000d9180000)
  from space 36864K, 99% used [0x00000000d9180000,0x00000000db57b588,0x00000000db580000)
  to   space 47104K, 0% used [0x00000000dc980000,0x00000000dc980000,0x00000000df780000)
 ParOldGen       total 146944K, used 110157K [0x0000000080000000, 0x0000000088f80000, 0x00000000d5580000)
  object space 146944K, 74% used [0x0000000080000000,0x0000000086b93760,0x0000000088f80000)
 Metaspace       used 88161K, capacity 92468K, committed 92712K, reserved 1130496K
  class space    used 11689K, capacity 12515K, committed 12592K, reserved 1048576K
Event: 2231.334 GC heap after
Heap after GC invocations=70 (full 6):
 PSYoungGen      total 107520K, used 47092K [0x00000000d5580000, 0x00000000e0d80000, 0x0000000100000000)
  eden space 60416K, 0% used [0x00000000d5580000,0x00000000d5580000,0x00000000d9080000)
  from space 47104K, 99% used [0x00000000dc980000,0x00000000df77d278,0x00000000df780000)
  to   space 58368K, 0% used [0x00000000d9080000,0x00000000d9080000,0x00000000dc980000)
 ParOldGen       total 146944K, used 120577K [0x0000000080000000, 0x0000000088f80000, 0x00000000d5580000)
  object space 146944K, 82% used [0x0000000080000000,0x00000000875c0608,0x0000000088f80000)
 Metaspace       used 88161K, capacity 92468K, committed 92712K, reserved 1130496K
  class space    used 11689K, capacity 12515K, committed 12592K, reserved 1048576K
}
Event: 2231.843 GC heap before
{Heap before GC invocations=71 (full 6):
 PSYoungGen      total 107520K, used 107508K [0x00000000d5580000, 0x00000000e0d80000, 0x0000000100000000)
  eden space 60416K, 100% used [0x00000000d5580000,0x00000000d9080000,0x00000000d9080000)
  from space 47104K, 99% used [0x00000000dc980000,0x00000000df77d278,0x00000000df780000)
  to   space 58368K, 0% used [0x00000000d9080000,0x00000000d9080000,0x00000000dc980000)
 ParOldGen       total 146944K, used 120577K [0x0000000080000000, 0x0000000088f80000, 0x00000000d5580000)
  object space 146944K, 82% used [0x0000000080000000,0x00000000875c0608,0x0000000088f80000)
 Metaspace       used 88166K, capacity 92468K, committed 92712K, reserved 1130496K
  class space    used 11689K, capacity 12515K, committed 12592K, reserved 1048576K
Event: 2233.511 GC heap after
Heap after GC invocations=71 (full 6):
 PSYoungGen      total 118784K, used 6561K [0x00000000d5580000, 0x00000000e0c80000, 0x0000000100000000)
  eden space 60416K, 0% used [0x00000000d5580000,0x00000000d5580000,0x00000000d9080000)
  from space 58368K, 11% used [0x00000000d9080000,0x00000000d96e85a0,0x00000000dc980000)
  to   space 57856K, 0% used [0x00000000dd400000,0x00000000dd400000,0x00000000e0c80000)
 ParOldGen       total 168448K, used 167796K [0x0000000080000000, 0x000000008a480000, 0x00000000d5580000)
  object space 168448K, 99% used [0x0000000080000000,0x000000008a3dd3d0,0x000000008a480000)
 Metaspace       used 88166K, capacity 92468K, committed 92712K, reserved 1130496K
  class space    used 11689K, capacity 12515K, committed 12592K, reserved 1048576K
}
Event: 2233.528 GC heap before
{Heap before GC invocations=72 (full 7):
 PSYoungGen      total 118784K, used 6561K [0x00000000d5580000, 0x00000000e0c80000, 0x0000000100000000)
  eden space 60416K, 0% used [0x00000000d5580000,0x00000000d5580000,0x00000000d9080000)
  from space 58368K, 11% used [0x00000000d9080000,0x00000000d96e85a0,0x00000000dc980000)
  to   space 57856K, 0% used [0x00000000dd400000,0x00000000dd400000,0x00000000e0c80000)
 ParOldGen       total 168448K, used 167796K [0x0000000080000000, 0x000000008a480000, 0x00000000d5580000)
  object space 168448K, 99% used [0x0000000080000000,0x000000008a3dd3d0,0x000000008a480000)
 Metaspace       used 88166K, capacity 92468K, committed 92712K, reserved 1130496K
  class space    used 11689K, capacity 12515K, committed 12592K, reserved 1048576K

Deoptimization events (10 events):
Event: 2193.405 Thread 0x000000001d7de800 Uncommon trap: reason=unstable_if action=reinterpret pc=0x00000000051622bc method=java.util.concurrent.ConcurrentLinkedQueue.updateHead(Ljava/util/concurrent/ConcurrentLinkedQueue$Node;Ljava/util/concurrent/ConcurrentLinkedQueue$Node;)V @ 11
Event: 2219.100 Thread 0x000000001a2d5800 Uncommon trap: reason=array_check action=maybe_recompile pc=0x0000000003e43ce4 method=java.util.ComparableTimSort.mergeHi(IIII)V @ 101
Event: 2219.100 Thread 0x000000001a2d5800 Uncommon trap: reason=array_check action=maybe_recompile pc=0x0000000003e43ce4 method=java.util.ComparableTimSort.mergeHi(IIII)V @ 101
Event: 2219.100 Thread 0x000000001a2d5800 Uncommon trap: reason=array_check action=maybe_recompile pc=0x0000000003e43ce4 method=java.util.ComparableTimSort.mergeHi(IIII)V @ 101
Event: 2219.100 Thread 0x000000001a2d5800 Uncommon trap: reason=array_check action=maybe_recompile pc=0x0000000003f10e48 method=java.util.ComparableTimSort.mergeHi(IIII)V @ 277
Event: 2219.101 Thread 0x000000001a2d5800 Uncommon trap: reason=array_check action=maybe_recompile pc=0x0000000003e46824 method=java.util.ComparableTimSort.mergeLo(IIII)V @ 587
Event: 2219.101 Thread 0x000000001a2d5800 Uncommon trap: reason=array_check action=maybe_recompile pc=0x0000000003f10e48 method=java.util.ComparableTimSort.mergeHi(IIII)V @ 277
Event: 2219.101 Thread 0x000000001a2d5800 Uncommon trap: reason=array_check action=maybe_recompile pc=0x0000000003e4667c method=java.util.ComparableTimSort.mergeLo(IIII)V @ 371
Event: 2219.102 Thread 0x000000001a2d5800 Uncommon trap: reason=array_check action=maybe_recompile pc=0x0000000003e4667c method=java.util.ComparableTimSort.mergeLo(IIII)V @ 371
Event: 2219.185 Thread 0x000000001a2d5800 Uncommon trap: reason=predicate action=maybe_recompile pc=0x000000000479b52c method=java.util.ComparableTimSort.mergeHi(IIII)V @ 185

Classes redefined (0 events):
No events

Internal exceptions (10 events):
Event: 2204.492 Thread 0x000000001a2d5800 Exception <a 'sun/nio/fs/WindowsException'> (0x00000000d767a748) thrown at [C:\src\AOSP-openjdk-git\hotspot\src\share\vm\prims\jni.cpp, line 710]
Event: 2204.493 Thread 0x000000001a2d5800 Exception <a 'sun/nio/fs/WindowsException'> (0x00000000d767e348) thrown at [C:\src\AOSP-openjdk-git\hotspot\src\share\vm\prims\jni.cpp, line 710]
Event: 2204.493 Thread 0x000000001a2d5800 Exception <a 'sun/nio/fs/WindowsException'> (0x00000000d767efe8) thrown at [C:\src\AOSP-openjdk-git\hotspot\src\share\vm\prims\jni.cpp, line 710]
Event: 2204.493 Thread 0x000000001a2d5800 Exception <a 'sun/nio/fs/WindowsException'> (0x00000000d767fd28) thrown at [C:\src\AOSP-openjdk-git\hotspot\src\share\vm\prims\jni.cpp, line 710]
Event: 2204.494 Thread 0x000000001a2d5800 Exception <a 'sun/nio/fs/WindowsException'> (0x00000000d7681b28) thrown at [C:\src\AOSP-openjdk-git\hotspot\src\share\vm\prims\jni.cpp, line 710]
Event: 2204.494 Thread 0x000000001a2d5800 Exception <a 'sun/nio/fs/WindowsException'> (0x00000000d76827d8) thrown at [C:\src\AOSP-openjdk-git\hotspot\src\share\vm\prims\jni.cpp, line 710]
Event: 2204.494 Thread 0x000000001a2d5800 Exception <a 'sun/nio/fs/WindowsException'> (0x00000000d7694ca0) thrown at [C:\src\AOSP-openjdk-git\hotspot\src\share\vm\prims\jni.cpp, line 710]
Event: 2222.493 Thread 0x000000001a2cf800 Exception <a 'sun/nio/fs/WindowsException'> (0x00000000d6d82af0) thrown at [C:\src\AOSP-openjdk-git\hotspot\src\share\vm\prims\jni.cpp, line 710]
Event: 2224.023 Thread 0x000000001a2cf800 Exception <a 'sun/nio/fs/WindowsException'> (0x00000000d6e88d80) thrown at [C:\src\AOSP-openjdk-git\hotspot\src\share\vm\prims\jni.cpp, line 710]
Event: 2225.221 Thread 0x000000001a2d7000 Exception <a 'sun/nio/fs/WindowsException'> (0x00000000d80a7948) thrown at [C:\src\AOSP-openjdk-git\hotspot\src\share\vm\prims\jni.cpp, line 710]

Events (10 events):
Event: 2230.434 Thread 0x000000001a2d7000 DEOPT UNPACKING pc=0x00000000028675d0 sp=0x000000002511d938 mode 0
Event: 2230.437 Thread 0x000000001a2d7000 DEOPT PACKING pc=0x00000000051acf86 sp=0x000000002511dbc0
Event: 2230.437 Thread 0x000000001a2d7000 DEOPT UNPACKING pc=0x00000000028675d0 sp=0x000000002511d938 mode 0
Event: 2230.440 Thread 0x000000001a2d7000 DEOPT PACKING pc=0x00000000051acf86 sp=0x000000002511dbc0
Event: 2230.440 Thread 0x000000001a2d7000 DEOPT UNPACKING pc=0x00000000028675d0 sp=0x000000002511d938 mode 0
Event: 2230.444 Thread 0x000000001a2d7000 DEOPT PACKING pc=0x00000000051acf86 sp=0x000000002511dbc0
Event: 2230.444 Thread 0x000000001a2d7000 DEOPT UNPACKING pc=0x00000000028675d0 sp=0x000000002511d938 mode 0
Event: 2230.820 Executing VM operation: ParallelGCFailedAllocation
Event: 2231.334 Executing VM operation: ParallelGCFailedAllocation done
Event: 2231.784 Executing VM operation: ParallelGCFailedAllocation


Dynamic libraries:
0x00007ff657650000 - 0x00007ff657681000 	C:\Program Files\Android\Android Studio\jre\bin\java.exe
0x00007ffe4f580000 - 0x00007ffe4f770000 	C:\Windows\SYSTEM32\ntdll.dll
0x00007ffe4d950000 - 0x00007ffe4da02000 	C:\Windows\System32\KERNEL32.DLL
0x00007ffe4cff0000 - 0x00007ffe4d293000 	C:\Windows\System32\KERNELBASE.dll
0x00007ffe4da90000 - 0x00007ffe4db33000 	C:\Windows\System32\ADVAPI32.dll
0x00007ffe4d690000 - 0x00007ffe4d72e000 	C:\Windows\System32\msvcrt.dll
0x00007ffe4ed30000 - 0x00007ffe4edc7000 	C:\Windows\System32\sechost.dll
0x00007ffe4dde0000 - 0x00007ffe4df00000 	C:\Windows\System32\RPCRT4.dll
0x00007ffe4d7a0000 - 0x00007ffe4d934000 	C:\Windows\System32\USER32.dll
0x00007ffe4cfc0000 - 0x00007ffe4cfe1000 	C:\Windows\System32\win32u.dll
0x00007ffe4df00000 - 0x00007ffe4df26000 	C:\Windows\System32\GDI32.dll
0x00007ffe4cc90000 - 0x00007ffe4ce24000 	C:\Windows\System32\gdi32full.dll
0x00007ffe4d570000 - 0x00007ffe4d60e000 	C:\Windows\System32\msvcp_win.dll
0x00007ffe4d2a0000 - 0x00007ffe4d39a000 	C:\Windows\System32\ucrtbase.dll
0x00007ffe4b500000 - 0x00007ffe4b785000 	C:\Windows\WinSxS\amd64_microsoft.windows.common-controls_6595b64144ccf1df_6.0.18362.535_none_e6c3b34713100821\COMCTL32.dll
0x00007ffe4e730000 - 0x00007ffe4ea66000 	C:\Windows\System32\combase.dll
0x00007ffe4ce90000 - 0x00007ffe4cf10000 	C:\Windows\System32\bcryptPrimitives.dll
0x00007ffe4df30000 - 0x00007ffe4df5e000 	C:\Windows\System32\IMM32.DLL
0x0000000054110000 - 0x00000000541e2000 	C:\Program Files\Android\Android Studio\jre\jre\bin\msvcr100.dll
0x00000000542f0000 - 0x0000000054b3b000 	C:\Program Files\Android\Android Studio\jre\jre\bin\server\jvm.dll
0x00007ffe4edf0000 - 0x00007ffe4edf8000 	C:\Windows\System32\PSAPI.DLL
0x00007ffe49080000 - 0x00007ffe490a4000 	C:\Windows\SYSTEM32\WINMM.dll
0x00007ffe3a830000 - 0x00007ffe3a839000 	C:\Windows\SYSTEM32\WSOCK32.dll
0x00007ffe4ea70000 - 0x00007ffe4eadf000 	C:\Windows\System32\WS2_32.dll
0x00007ffe49050000 - 0x00007ffe4907d000 	C:\Windows\SYSTEM32\WINMMBASE.dll
0x00007ffe4d3d0000 - 0x00007ffe4d41a000 	C:\Windows\System32\cfgmgr32.dll
0x00007ffe4c1f0000 - 0x00007ffe4c1fa000 	C:\Windows\SYSTEM32\VERSION.dll
0x00007ffe47df0000 - 0x00007ffe47dff000 	C:\Program Files\Android\Android Studio\jre\jre\bin\verify.dll
0x00007ffe38810000 - 0x00007ffe38839000 	C:\Program Files\Android\Android Studio\jre\jre\bin\java.dll
0x00007ffe2a7d0000 - 0x00007ffe2a7e6000 	C:\Program Files\Android\Android Studio\jre\jre\bin\zip.dll
0x00007ffe4e040000 - 0x00007ffe4e725000 	C:\Windows\System32\SHELL32.dll
0x00007ffe4ec80000 - 0x00007ffe4ed29000 	C:\Windows\System32\shcore.dll
0x00007ffe4c510000 - 0x00007ffe4cc8f000 	C:\Windows\System32\windows.storage.dll
0x00007ffe4c4f0000 - 0x00007ffe4c50f000 	C:\Windows\System32\profapi.dll
0x00007ffe4c460000 - 0x00007ffe4c4aa000 	C:\Windows\System32\powrprof.dll
0x00007ffe4c450000 - 0x00007ffe4c460000 	C:\Windows\System32\UMPDC.dll
0x00007ffe4df60000 - 0x00007ffe4dfb2000 	C:\Windows\System32\shlwapi.dll
0x00007ffe4c4d0000 - 0x00007ffe4c4e1000 	C:\Windows\System32\kernel.appcore.dll
0x00007ffe4d610000 - 0x00007ffe4d627000 	C:\Windows\System32\cryptsp.dll
0x00007ffe2a670000 - 0x00007ffe2a68a000 	C:\Program Files\Android\Android Studio\jre\jre\bin\net.dll
0x00007ffe4b820000 - 0x00007ffe4b887000 	C:\Windows\system32\mswsock.dll
0x00007ffe29910000 - 0x00007ffe29923000 	C:\Program Files\Android\Android Studio\jre\jre\bin\nio.dll
0x00007ffe23d90000 - 0x00007ffe23db6000 	C:\Users\Kemane Donfack\.gradle\native\31\windows-amd64\native-platform.dll
0x00007ffe375e0000 - 0x00007ffe375ed000 	C:\Program Files\Android\Android Studio\jre\jre\bin\management.dll
0x00007ffe4b100000 - 0x00007ffe4b133000 	C:\Windows\system32\rsaenh.dll
0x00007ffe4d3a0000 - 0x00007ffe4d3c6000 	C:\Windows\System32\bcrypt.dll
0x00007ffe4c370000 - 0x00007ffe4c395000 	C:\Windows\SYSTEM32\USERENV.dll
0x00007ffe4b9f0000 - 0x00007ffe4b9fc000 	C:\Windows\SYSTEM32\CRYPTBASE.dll
0x00007ffe4b2a0000 - 0x00007ffe4b2da000 	C:\Windows\SYSTEM32\IPHLPAPI.DLL
0x00007ffe4ee00000 - 0x00007ffe4ee08000 	C:\Windows\System32\NSI.dll
0x00007ffe422d0000 - 0x00007ffe422e6000 	C:\Windows\SYSTEM32\dhcpcsvc6.DLL
0x00007ffe42440000 - 0x00007ffe4245c000 	C:\Windows\SYSTEM32\dhcpcsvc.DLL
0x00007ffe4b2e0000 - 0x00007ffe4b3aa000 	C:\Windows\SYSTEM32\DNSAPI.dll
0x00007ffe4bea0000 - 0x00007ffe4c094000 	C:\Windows\SYSTEM32\dbghelp.dll

VM Arguments:
jvm_args: -Xmx2048m -Dfile.encoding=windows-1252 -Duser.country=FR -Duser.language=fr -Duser.variant 
java_command: org.gradle.launcher.daemon.bootstrap.GradleDaemon 6.1.1
java_class_path (initial): C:\Users\Kemane Donfack\.gradle\wrapper\dists\gradle-6.1.1-all\cfmwm155h49vnt3hynmlrsdst\gradle-6.1.1\lib\gradle-launcher-6.1.1.jar
Launcher Type: SUN_STANDARD

Environment Variables:
PATH=C:\app\Kemane_Donfack\product\11.2.0\dbhome_1\bin;C:\Program Files (x86)\Common Files\Oracle\Java\javapath;C:\Program Files (x86)\NVIDIA Corporation\PhysX\Common;C:\Windows\system32;C:\Windows;C:\Windows\System32\Wbem;C:\Windows\System32\WindowsPowerShell\v1.0\;C:\Windows\System32\OpenSSH\;C:\laragon\bin\php\php-7.2.19-Win32-VC15-x64;C:\laragon\bin\nodejs\node-v12;C:\laragon\bin\mysql\mysql-5.7.24-winx64\bin;C:\src\flutter\bin;C:\Program Files\nodejs\;C:\Program Files\Git\cmd;C:\Program Files\PostgreSQL\12\bin;C:\src\flutter\dart-sdk\bin;C:\src\Android\android-sdk\platform-tools;C:\src\Android\android-sdk\platforms\android-28;C:\composer;C:\Program Files\Microsoft SQL Server\Client SDK\ODBC\130\Tools\Binn\;C:\Program Files (x86)\Microsoft SQL Server\140\Tools\Binn\;C:\Program Files\Microsoft SQL Server\140\Tools\Binn\;C:\Program Files\Microsoft SQL Server\140\DTS\Binn\;C:\Program Files (x86)\Microsoft SQL Server\Client SDK\ODBC\130\Tools\Binn\;C:\Program Files (x86)\Microsoft SQL Server\140\DTS\Binn\;C:\Program Files (x86)\Microsoft SQL Server\140\Tools\Binn\ManagementStudio\;C:\Users\Kemane Donfack\AppData\Local\Programs\Python\Python38\Scripts\;C:\Users\Kemane Donfack\AppData\Local\Programs\Python\Python38\;C:\Users\Kemane Donfack\AppData\Local\Microsoft\WindowsApps;C:\Users\Kemane Donfack\AppData\Local\Programs\Microsoft VS Code\bin;C:\Users\Kemane Donfack\AppData\Roaming\Composer\vendor\bin;C:\Users\Kemane Donfack\AppData\Roaming\npm;
USERNAME=Kemane Donfack
OS=Windows_NT
PROCESSOR_IDENTIFIER=Intel64 Family 6 Model 58 Stepping 9, GenuineIntel



---------------  S Y S T E M  ---------------

OS: Windows 10.0 , 64 bit Build 18362 (10.0.18362.329)

CPU:total 4 (initial active 4) (2 cores per cpu, 2 threads per core) family 6 model 58 stepping 9, cmov, cx8, fxsr, mmx, sse, sse2, sse3, ssse3, sse4.1, sse4.2, popcnt, avx, clmul, erms, ht, tsc, tscinvbit, tscinv

Memory: 4k page, physical 6161460k(246192k free), swap 13520664k(2745428k free)

vm_info: OpenJDK 64-Bit Server VM (25.242-b01) for windows-amd64 JRE (1.8.0_242-release-1644-b01), built by "builder" with MS VC++ 10.0 (VS2010)

time: Thu Feb 11 22:00:07 2021
timezone: Afr. centrale Ouest
elapsed time: 2241 seconds (0d 0h 37m 21s)

