#
# A fatal error has been detected by the Java Runtime Environment:
#
#  EXCEPTION_ACCESS_VIOLATION (0xc0000005) at pc=0x0000000076c133d0, pid=5216, tid=0x00000000000003dc
#
# JRE version: OpenJDK Runtime Environment (8.0_242-b01) (build 1.8.0_242-release-1644-b01)
# Java VM: OpenJDK 64-Bit Server VM (25.242-b01 mixed mode windows-amd64 compressed oops)
# Problematic frame:
# V  [jvm.dll+0x4733d0]
#
# Failed to write core dump. Minidumps are not enabled by default on client versions of Windows
#
# If you would like to submit a bug report, please visit:
#   
#

---------------  T H R E A D  ---------------

Current thread (0x0000000017202000):  JavaThread "C2 CompilerThread1" daemon [_thread_in_native, id=988, stack(0x0000000018970000,0x0000000018a70000)]

siginfo: ExceptionCode=0xc0000005, reading address 0x0000000276f6f750

Registers:
RAX=0x0000000000000000, RBX=0x000000002b27f8f0, RCX=0x0000000276f6f750, RDX=0x0000000000000000
RSP=0x0000000018a6c590, RBP=0x000000000000001f, RSI=0x00000000000000f8, RDI=0x0000000018a6c5e0
R8 =0x0000000000000004, R9 =0x0000000020fe48c0, R10=0x00000000767a0000, R11=0x0000000018a6c4b0
R12=0x0000000076f6f750, R13=0x00000000767a0000, R14=0x0000000026c054e8, R15=0x00000000000003d8
RIP=0x0000000076c133d0, EFLAGS=0x0000000000010246

Top of Stack: (sp=0x0000000018a6c590)
0x0000000018a6c590:   0000000018a6ed60 000000002b1fd0d0
0x0000000018a6c5a0:   fffffffffffffff8 00000000171b4c30
0x0000000018a6c5b0:   0000000000001a42 0000000076c0e49f
0x0000000018a6c5c0:   000000002b27f350 000000002b27f8f0
0x0000000018a6c5d0:   0000000000001a42 0000000018a6c6c0
0x0000000018a6c5e0:   00001a4600000000 0000000000000003
0x0000000018a6c5f0:   0000000276f6f750 000000000000001b
0x0000000018a6c600:   0000000027bf2890 000000000000002b
0x0000000018a6c610:   000000002b27f990 0000000018a6c9b0
0x0000000018a6c620:   0000000026c05110 0000000018a6c9b0
0x0000000018a6c630:   0000000026c05100 0000000076bdac11
0x0000000018a6c640:   0000000000000000 0000000018a6c740
0x0000000018a6c650:   0000000000000000 0000000000000006
0x0000000018a6c660:   0000000000000006 0000000026c05100
0x0000000018a6c670:   0000000021326900 000000002132e890
0x0000000018a6c680:   000000002132e8e8 00000000009785b8 

Instructions: (pc=0x0000000076c133d0)
0x0000000076c133b0:   48 8b 4f 20 48 39 04 0e 0f 84 9d 00 00 00 48 8b
0x0000000076c133c0:   0c 0e 33 d2 33 c0 48 89 4f 10 66 0f 1f 44 00 00
0x0000000076c133d0:   83 3c 08 00 0f 85 36 01 00 00 ff c2 48 83 c0 04
0x0000000076c133e0:   83 fa 08 72 eb 48 8b 47 30 48 89 44 24 30 48 85 


Register to memory mapping:

RAX=0x0000000000000000 is an unknown value
RBX=0x000000002b27f8f0 is an unknown value
RCX=0x0000000276f6f750 is an unknown value
RDX=0x0000000000000000 is an unknown value
RSP=0x0000000018a6c590 is pointing into the stack for thread: 0x0000000017202000
RBP=0x000000000000001f is an unknown value
RSI=0x00000000000000f8 is an unknown value
RDI=0x0000000018a6c5e0 is pointing into the stack for thread: 0x0000000017202000
R8 =0x0000000000000004 is an unknown value
R9 =0x0000000020fe48c0 is an unknown value
R10=0x00000000767a0000 is an unknown value
R11=0x0000000018a6c4b0 is pointing into the stack for thread: 0x0000000017202000
R12=0x0000000076f6f750 is an unknown value
R13=0x00000000767a0000 is an unknown value
R14=0x0000000026c054e8 is an unknown value
R15=0x00000000000003d8 is an unknown value


Stack: [0x0000000018970000,0x0000000018a70000],  sp=0x0000000018a6c590,  free space=1009k
Native frames: (J=compiled Java code, j=interpreted, Vv=VM code, C=native code)
V  [jvm.dll+0x4733d0]
V  [jvm.dll+0x46e49f]
V  [jvm.dll+0x43ac11]
V  [jvm.dll+0x4456ab]
V  [jvm.dll+0x447fa8]
V  [jvm.dll+0x42b072]
V  [jvm.dll+0x8230f]
V  [jvm.dll+0x82c7f]
V  [jvm.dll+0x220b7f]
V  [jvm.dll+0x27276a]
C  [msvcr100.dll+0x21d9f]
C  [msvcr100.dll+0x21e3b]
C  [KERNEL32.DLL+0x17bd4]
C  [ntdll.dll+0x6ced1]


Current CompileTask:
C2:1327512 19463       4       com.android.tools.r8.ir.optimize.Z::a (1306 bytes)


---------------  P R O C E S S  ---------------

Java Threads: ( => current thread )
  0x000000001a675000 JavaThread "WorkerExecutor Queue Thread 4" [_thread_blocked, id=10112, stack(0x000000002abe0000,0x000000002ace0000)]
  0x000000001a673800 JavaThread "Cache worker for Java compile cache (D:\SR1\Programmation\Programme Android Java\carwash\.gradle\6.1.1\javaCompile)" [_thread_blocked, id=10836, stack(0x000000001c7c0000,0x000000001c8c0000)]
  0x000000001d902800 JavaThread "WorkerExecutor Queue Thread 3" [_thread_in_native, id=10348, stack(0x000000002b070000,0x000000002b170000)]
  0x000000001d901000 JavaThread "stdout" [_thread_in_native, id=10664, stack(0x000000002af70000,0x000000002b070000)]
  0x000000001d900000 JavaThread "stderr" [_thread_in_native, id=12488, stack(0x000000002ae70000,0x000000002af70000)]
  0x000000001d901800 JavaThread "stdout" [_thread_in_native, id=12072, stack(0x000000002ad70000,0x000000002ae70000)]
  0x000000001d8ff800 JavaThread "stderr" [_thread_in_native, id=13256, stack(0x000000002a8e0000,0x000000002a9e0000)]
  0x000000001d8f8000 JavaThread "WorkerExecutor Queue Thread 2" [_thread_blocked, id=11868, stack(0x00000000258a0000,0x00000000259a0000)]
  0x000000001d8fe800 JavaThread "pool-7-thread-1" [_thread_blocked, id=11184, stack(0x0000000025390000,0x0000000025490000)]
  0x000000001d8fd000 JavaThread "WorkerExecutor Queue" [_thread_blocked, id=11936, stack(0x0000000025290000,0x0000000025390000)]
  0x000000001d8fb800 JavaThread "Cache worker for execution history cache (D:\SR1\Programmation\Programme Android Java\carwash\.gradle\6.1.1\executionHistory)" [_thread_blocked, id=4236, stack(0x0000000025190000,0x0000000025290000)]
  0x000000001d8fe000 JavaThread "Execution worker for ':' Thread 3" [_thread_blocked, id=10280, stack(0x0000000024e40000,0x0000000024f40000)]
  0x000000001d8f6800 JavaThread "Execution worker for ':' Thread 2" [_thread_blocked, id=11884, stack(0x0000000024d40000,0x0000000024e40000)]
  0x000000001d8fb000 JavaThread "Execution worker for ':'" [_thread_blocked, id=12788, stack(0x00000000233d0000,0x00000000234d0000)]
  0x000000001d8f5000 JavaThread "Cache worker for file content cache (D:\SR1\Programmation\Programme Android Java\carwash\.gradle\6.1.1\fileContent)" [_thread_blocked, id=8560, stack(0x00000000230d0000,0x00000000231d0000)]
  0x000000001d8f5800 JavaThread "Cache worker for Build Output Cleanup Cache (D:\SR1\Programmation\Programme Android Java\carwash\.gradle\buildOutputCleanup)" [_thread_blocked, id=10384, stack(0x00000000229d0000,0x0000000022ad0000)]
  0x000000001de07000 JavaThread "Build operations Thread 4" [_thread_blocked, id=12640, stack(0x00000000228d0000,0x00000000229d0000)]
  0x000000001de05800 JavaThread "Build operations Thread 3" [_thread_blocked, id=11760, stack(0x00000000223d0000,0x00000000224d0000)]
  0x000000001de04800 JavaThread "Build operations Thread 2" [_thread_blocked, id=11648, stack(0x0000000021cd0000,0x0000000021dd0000)]
  0x000000001de06000 JavaThread "Build operations" [_thread_blocked, id=12304, stack(0x0000000021bd0000,0x0000000021cd0000)]
  0x000000001de09000 JavaThread "Cache worker for cache directory md-rule (C:\Users\Kemane Donfack\.gradle\caches\6.1.1\md-rule)" [_thread_blocked, id=12852, stack(0x0000000021ad0000,0x0000000021bd0000)]
  0x000000001de08800 JavaThread "Cache worker for cache directory md-supplier (C:\Users\Kemane Donfack\.gradle\caches\6.1.1\md-supplier)" [_thread_blocked, id=11836, stack(0x00000000219d0000,0x0000000021ad0000)]
  0x000000001ddfd000 JavaThread "Cache worker for file hash cache (D:\SR1\Programmation\Programme Android Java\carwash\.gradle\6.1.1\fileHashes)" [_thread_blocked, id=8572, stack(0x000000001fad0000,0x000000001fbd0000)]
  0x000000001de04000 JavaThread "Cache worker for checksums cache (D:\SR1\Programmation\Programme Android Java\carwash\.gradle\checksums)" [_thread_blocked, id=10860, stack(0x000000001f9d0000,0x000000001fad0000)]
  0x000000001ddfc800 JavaThread "Thread-69" [_thread_blocked, id=9784, stack(0x000000001cac0000,0x000000001cbc0000)]
  0x000000001de02800 JavaThread "Asynchronous log dispatcher for DefaultDaemonConnection: socket connection from /127.0.0.1:51442 to /127.0.0.1:52235" [_thread_blocked, id=8696, stack(0x000000001c6c0000,0x000000001c7c0000)]
  0x000000001ddfb800 JavaThread "Daemon worker Thread 3" [_thread_in_native, id=8304, stack(0x000000001c3c0000,0x000000001c4c0000)]
  0x000000001ddfb000 JavaThread "Cancel handler" [_thread_blocked, id=13304, stack(0x000000001c2c0000,0x000000001c3c0000)]
  0x000000001de01800 JavaThread "Handler for socket connection from /127.0.0.1:51442 to /127.0.0.1:52235" [_thread_in_native, id=10776, stack(0x0000000000a00000,0x0000000000b00000)]
  0x000000001de01000 JavaThread "Daemon Thread 3" [_thread_blocked, id=11996, stack(0x0000000000900000,0x0000000000a00000)]
  0x000000001de07800 JavaThread "Cache worker for Java compile cache (C:\Users\Kemane Donfack\.gradle\caches\6.1.1\javaCompile)" [_thread_blocked, id=10012, stack(0x0000000000800000,0x0000000000900000)]
  0x000000001ddff800 JavaThread "Cache worker for file content cache (C:\Users\Kemane Donfack\.gradle\caches\6.1.1\fileContent)" [_thread_blocked, id=8508, stack(0x0000000022fd0000,0x00000000230d0000)]
  0x000000001ddfe800 JavaThread "Memory manager" [_thread_blocked, id=10156, stack(0x0000000022ed0000,0x0000000022fd0000)]
  0x000000001a678800 JavaThread "Cache worker for execution history cache (C:\Users\Kemane Donfack\.gradle\caches\6.1.1\executionHistory)" [_thread_blocked, id=9776, stack(0x000000001fbd0000,0x000000001fcd0000)]
  0x000000001a672800 JavaThread "Cache worker for file hash cache (C:\Users\Kemane Donfack\.gradle\caches\6.1.1\fileHashes)" [_thread_blocked, id=10444, stack(0x000000001cfc0000,0x000000001d0c0000)]
  0x0000000019b77800 JavaThread "File lock request listener" [_thread_in_native, id=5128, stack(0x000000001cec0000,0x000000001cfc0000)]
  0x0000000019de6000 JavaThread "Cache worker for journal cache (C:\Users\Kemane Donfack\.gradle\caches\journal-1)" [_thread_blocked, id=6040, stack(0x000000001cdc0000,0x000000001cec0000)]
  0x0000000018bac000 JavaThread "Daemon periodic checks" [_thread_blocked, id=12256, stack(0x000000001c1c0000,0x000000001c2c0000)]
  0x0000000018bae800 JavaThread "Incoming local TCP Connector on port 51442" [_thread_in_native, id=8456, stack(0x000000001bf50000,0x000000001c050000)]
  0x000000001a73d800 JavaThread "Daemon health stats" [_thread_blocked, id=10076, stack(0x000000001b910000,0x000000001ba10000)]
  0x0000000017248800 JavaThread "Service Thread" daemon [_thread_blocked, id=12064, stack(0x0000000018f70000,0x0000000019070000)]
  0x000000001720b000 JavaThread "C1 CompilerThread2" daemon [_thread_blocked, id=7412, stack(0x0000000018a70000,0x0000000018b70000)]
=>0x0000000017202000 JavaThread "C2 CompilerThread1" daemon [_thread_in_native, id=988, stack(0x0000000018970000,0x0000000018a70000)]
  0x00000000171f5000 JavaThread "C2 CompilerThread0" daemon [_thread_in_native, id=10752, stack(0x0000000018870000,0x0000000018970000)]
  0x00000000171f3800 JavaThread "Attach Listener" daemon [_thread_blocked, id=11448, stack(0x0000000018770000,0x0000000018870000)]
  0x00000000171f2000 JavaThread "Signal Dispatcher" daemon [_thread_blocked, id=4828, stack(0x0000000018670000,0x0000000018770000)]
  0x00000000025cb800 JavaThread "Finalizer" daemon [_thread_blocked, id=8324, stack(0x0000000018440000,0x0000000018540000)]
  0x00000000171d9000 JavaThread "Reference Handler" daemon [_thread_blocked, id=11992, stack(0x0000000018340000,0x0000000018440000)]
  0x00000000024d2800 JavaThread "main" [_thread_blocked, id=11540, stack(0x00000000023b0000,0x00000000024b0000)]

Other Threads:
  0x00000000171b5800 VMThread [stack: 0x0000000018240000,0x0000000018340000] [id=12156]
  0x0000000018ba0800 WatcherThread [stack: 0x0000000019070000,0x0000000019170000] [id=8780]

VM state:not at safepoint (normal execution)

VM Mutex/Monitor currently owned by a thread: None

heap address: 0x0000000080000000, size: 2048 MB, Compressed Oops mode: 32-bit
Narrow klass base: 0x0000000000000000, Narrow klass shift: 3
Compressed class space size: 1073741824 Address: 0x0000000100000000

Heap:
 PSYoungGen      total 366080K, used 207635K [0x00000000d5580000, 0x00000000efa00000, 0x0000000100000000)
  eden space 336384K, 57% used [0x00000000d5580000,0x00000000e1227028,0x00000000e9e00000)
  from space 29696K, 48% used [0x00000000e9e00000,0x00000000eac1ddb8,0x00000000ebb00000)
  to   space 29696K, 0% used [0x00000000edd00000,0x00000000edd00000,0x00000000efa00000)
 ParOldGen       total 181248K, used 81169K [0x0000000080000000, 0x000000008b100000, 0x00000000d5580000)
  object space 181248K, 44% used [0x0000000080000000,0x0000000084f44450,0x000000008b100000)
 Metaspace       used 93436K, capacity 98052K, committed 98344K, reserved 1134592K
  class space    used 12148K, capacity 13036K, committed 13104K, reserved 1048576K

Card table byte_map: [0x0000000011990000,0x0000000011da0000] byte_map_base: 0x0000000011590000

Marking Bits: (ParMarkBitMap*) 0x0000000076f6f030
 Begin Bits: [0x0000000012450000, 0x0000000014450000)
 End Bits:   [0x0000000014450000, 0x0000000016450000)

Polling page: 0x00000000006f0000

CodeCache: size=245760Kb used=57010Kb max_used=57024Kb free=188749Kb
 bounds [0x00000000025d0000, 0x0000000005dd0000, 0x00000000115d0000]
 total_blobs=17001 nmethods=16118 adapters=792
 compilation: enabled

Compilation events (10 events):
Event: 1326.243 Thread 0x000000001720b000 19555       2       com.google.common.collect.ImmutableBiMap::<init> (5 bytes)
Event: 1326.243 Thread 0x000000001720b000 nmethod 19555 0x0000000005d67c90 code [0x0000000005d67de0, 0x0000000005d67f30]
Event: 1326.261 Thread 0x00000000171f5000 nmethod 19495 0x0000000005d82a10 code [0x0000000005d82bc0, 0x0000000005d832c8]
Event: 1326.261 Thread 0x00000000171f5000 19523       4       com.android.tools.r8.v.a.a.a.f.K::a (981 bytes)
Event: 1326.302 Thread 0x00000000171f5000 nmethod 19523 0x0000000005d7d910 code [0x0000000005d7da80, 0x0000000005d7e638]
Event: 1326.302 Thread 0x00000000171f5000 19517       4       com.android.tools.r8.u.b.W::c (83 bytes)
Event: 1326.314 Thread 0x00000000171f5000 nmethod 19517 0x0000000005d7d0d0 code [0x0000000005d7d220, 0x0000000005d7d538]
Event: 1326.314 Thread 0x00000000171f5000 19488       4       com.android.tools.r8.u.b.n::a (368 bytes)
Event: 1326.356 Thread 0x000000001720b000 19556       2       org.gradle.api.internal.tasks.properties.FileParameterUtils::resolveInputFileValue (42 bytes)
Event: 1326.357 Thread 0x000000001720b000 nmethod 19556 0x0000000005d7b650 code [0x0000000005d7b860, 0x0000000005d7c108]

GC Heap History (10 events):
Event: 95.360 GC heap before
{Heap before GC invocations=43 (full 3):
 PSYoungGen      total 286720K, used 267543K [0x00000000d5580000, 0x00000000ea580000, 0x0000000100000000)
  eden space 265216K, 100% used [0x00000000d5580000,0x00000000e5880000,0x00000000e5880000)
  from space 21504K, 10% used [0x00000000e5880000,0x00000000e5ac5cd8,0x00000000e6d80000)
  to   space 20992K, 0% used [0x00000000e9100000,0x00000000e9100000,0x00000000ea580000)
 ParOldGen       total 112640K, used 96305K [0x0000000080000000, 0x0000000086e00000, 0x00000000d5580000)
  object space 112640K, 85% used [0x0000000080000000,0x0000000085e0c4e0,0x0000000086e00000)
 Metaspace       used 83660K, capacity 88092K, committed 88232K, reserved 1126400K
  class space    used 11291K, capacity 12123K, committed 12208K, reserved 1048576K
Event: 95.393 GC heap after
Heap after GC invocations=43 (full 3):
 PSYoungGen      total 320000K, used 5488K [0x00000000d5580000, 0x00000000ea280000, 0x0000000100000000)
  eden space 302080K, 0% used [0x00000000d5580000,0x00000000d5580000,0x00000000e7c80000)
  from space 17920K, 30% used [0x00000000e9100000,0x00000000e965c250,0x00000000ea280000)
  to   space 19456K, 0% used [0x00000000e7c80000,0x00000000e7c80000,0x00000000e8f80000)
 ParOldGen       total 112640K, used 98088K [0x0000000080000000, 0x0000000086e00000, 0x00000000d5580000)
  object space 112640K, 87% used [0x0000000080000000,0x0000000085fca1e0,0x0000000086e00000)
 Metaspace       used 83660K, capacity 88092K, committed 88232K, reserved 1126400K
  class space    used 11291K, capacity 12123K, committed 12208K, reserved 1048576K
}
Event: 99.141 GC heap before
{Heap before GC invocations=44 (full 3):
 PSYoungGen      total 320000K, used 307568K [0x00000000d5580000, 0x00000000ea280000, 0x0000000100000000)
  eden space 302080K, 100% used [0x00000000d5580000,0x00000000e7c80000,0x00000000e7c80000)
  from space 17920K, 30% used [0x00000000e9100000,0x00000000e965c250,0x00000000ea280000)
  to   space 19456K, 0% used [0x00000000e7c80000,0x00000000e7c80000,0x00000000e8f80000)
 ParOldGen       total 112640K, used 98088K [0x0000000080000000, 0x0000000086e00000, 0x00000000d5580000)
  object space 112640K, 87% used [0x0000000080000000,0x0000000085fca1e0,0x0000000086e00000)
 Metaspace       used 84305K, capacity 88784K, committed 89000K, reserved 1126400K
  class space    used 11348K, capacity 12183K, committed 12208K, reserved 1048576K
Event: 99.236 GC heap after
Heap after GC invocations=44 (full 3):
 PSYoungGen      total 321536K, used 19444K [0x00000000d5580000, 0x00000000ed380000, 0x0000000100000000)
  eden space 302080K, 0% used [0x00000000d5580000,0x00000000d5580000,0x00000000e7c80000)
  from space 19456K, 99% used [0x00000000e7c80000,0x00000000e8f7d030,0x00000000e8f80000)
  to   space 25088K, 0% used [0x00000000ebb00000,0x00000000ebb00000,0x00000000ed380000)
 ParOldGen       total 112640K, used 103746K [0x0000000080000000, 0x0000000086e00000, 0x00000000d5580000)
  object space 112640K, 92% used [0x0000000080000000,0x0000000086550bf8,0x0000000086e00000)
 Metaspace       used 84305K, capacity 88784K, committed 89000K, reserved 1126400K
  class space    used 11348K, capacity 12183K, committed 12208K, reserved 1048576K
}
Event: 99.236 GC heap before
{Heap before GC invocations=45 (full 4):
 PSYoungGen      total 321536K, used 19444K [0x00000000d5580000, 0x00000000ed380000, 0x0000000100000000)
  eden space 302080K, 0% used [0x00000000d5580000,0x00000000d5580000,0x00000000e7c80000)
  from space 19456K, 99% used [0x00000000e7c80000,0x00000000e8f7d030,0x00000000e8f80000)
  to   space 25088K, 0% used [0x00000000ebb00000,0x00000000ebb00000,0x00000000ed380000)
 ParOldGen       total 112640K, used 103746K [0x0000000080000000, 0x0000000086e00000, 0x00000000d5580000)
  object space 112640K, 92% used [0x0000000080000000,0x0000000086550bf8,0x0000000086e00000)
 Metaspace       used 84305K, capacity 88784K, committed 89000K, reserved 1126400K
  class space    used 11348K, capacity 12183K, committed 12208K, reserved 1048576K
Event: 99.762 GC heap after
Heap after GC invocations=45 (full 4):
 PSYoungGen      total 321536K, used 0K [0x00000000d5580000, 0x00000000ed380000, 0x0000000100000000)
  eden space 302080K, 0% used [0x00000000d5580000,0x00000000d5580000,0x00000000e7c80000)
  from space 19456K, 0% used [0x00000000e7c80000,0x00000000e7c80000,0x00000000e8f80000)
  to   space 25088K, 0% used [0x00000000ebb00000,0x00000000ebb00000,0x00000000ed380000)
 ParOldGen       total 181248K, used 75952K [0x0000000080000000, 0x000000008b100000, 0x00000000d5580000)
  object space 181248K, 41% used [0x0000000080000000,0x0000000084a2c2d8,0x000000008b100000)
 Metaspace       used 83915K, capacity 87716K, committed 89000K, reserved 1126400K
  class space    used 11214K, capacity 11949K, committed 12208K, reserved 1048576K
}
Event: 693.503 GC heap before
{Heap before GC invocations=46 (full 4):
 PSYoungGen      total 321536K, used 302080K [0x00000000d5580000, 0x00000000ed380000, 0x0000000100000000)
  eden space 302080K, 100% used [0x00000000d5580000,0x00000000e7c80000,0x00000000e7c80000)
  from space 19456K, 0% used [0x00000000e7c80000,0x00000000e7c80000,0x00000000e8f80000)
  to   space 25088K, 0% used [0x00000000ebb00000,0x00000000ebb00000,0x00000000ed380000)
 ParOldGen       total 181248K, used 75952K [0x0000000080000000, 0x000000008b100000, 0x00000000d5580000)
  object space 181248K, 41% used [0x0000000080000000,0x0000000084a2c2d8,0x000000008b100000)
 Metaspace       used 91187K, capacity 95410K, committed 95912K, reserved 1132544K
  class space    used 12010K, capacity 12802K, committed 12976K, reserved 1048576K
Event: 693.892 GC heap after
Heap after GC invocations=46 (full 4):
 PSYoungGen      total 361472K, used 24319K [0x00000000d5580000, 0x00000000ed980000, 0x0000000100000000)
  eden space 336384K, 0% used [0x00000000d5580000,0x00000000d5580000,0x00000000e9e00000)
  from space 25088K, 96% used [0x00000000ebb00000,0x00000000ed2bfe68,0x00000000ed380000)
  to   space 29696K, 0% used [0x00000000e9e00000,0x00000000e9e00000,0x00000000ebb00000)
 ParOldGen       total 181248K, used 75960K [0x0000000080000000, 0x000000008b100000, 0x00000000d5580000)
  object space 181248K, 41% used [0x0000000080000000,0x0000000084a2e2d8,0x000000008b100000)
 Metaspace       used 91187K, capacity 95410K, committed 95912K, reserved 1132544K
  class space    used 12010K, capacity 12802K, committed 12976K, reserved 1048576K
}
Event: 1305.922 GC heap before
{Heap before GC invocations=47 (full 4):
 PSYoungGen      total 361472K, used 360703K [0x00000000d5580000, 0x00000000ed980000, 0x0000000100000000)
  eden space 336384K, 100% used [0x00000000d5580000,0x00000000e9e00000,0x00000000e9e00000)
  from space 25088K, 96% used [0x00000000ebb00000,0x00000000ed2bfe68,0x00000000ed380000)
  to   space 29696K, 0% used [0x00000000e9e00000,0x00000000e9e00000,0x00000000ebb00000)
 ParOldGen       total 181248K, used 75960K [0x0000000080000000, 0x000000008b100000, 0x00000000d5580000)
  object space 181248K, 41% used [0x0000000080000000,0x0000000084a2e2d8,0x000000008b100000)
 Metaspace       used 92218K, capacity 96800K, committed 96936K, reserved 1132544K
  class space    used 12077K, capacity 12944K, committed 12976K, reserved 1048576K
Event: 1306.101 GC heap after
Heap after GC invocations=47 (full 4):
 PSYoungGen      total 366080K, used 14455K [0x00000000d5580000, 0x00000000efa00000, 0x0000000100000000)
  eden space 336384K, 0% used [0x00000000d5580000,0x00000000d5580000,0x00000000e9e00000)
  from space 29696K, 48% used [0x00000000e9e00000,0x00000000eac1ddb8,0x00000000ebb00000)
  to   space 29696K, 0% used [0x00000000edd00000,0x00000000edd00000,0x00000000efa00000)
 ParOldGen       total 181248K, used 81169K [0x0000000080000000, 0x000000008b100000, 0x00000000d5580000)
  object space 181248K, 44% used [0x0000000080000000,0x0000000084f44450,0x000000008b100000)
 Metaspace       used 92218K, capacity 96800K, committed 96936K, reserved 1132544K
  class space    used 12077K, capacity 12944K, committed 12976K, reserved 1048576K
}

Deoptimization events (10 events):
Event: 1323.665 Thread 0x000000001ddfb800 Uncommon trap: reason=bimorphic action=maybe_recompile pc=0x0000000004cb9220 method=java.io.ObjectInputStream$PeekInputStream.read()I @ 23
Event: 1323.665 Thread 0x000000001ddfb800 Uncommon trap: reason=bimorphic action=maybe_recompile pc=0x0000000004cb9220 method=java.io.ObjectInputStream$PeekInputStream.read()I @ 23
Event: 1324.084 Thread 0x000000001d8f8000 Uncommon trap: reason=unstable_if action=reinterpret pc=0x0000000002e48724 method=com.android.tools.r8.B.a.a.f.a(II[C)Ljava/lang/String; @ 32
Event: 1324.177 Thread 0x000000001d8f8000 Uncommon trap: reason=unstable_if action=reinterpret pc=0x0000000004f7a264 method=com.android.tools.r8.ir.regalloc.a.b()V @ 969
Event: 1324.250 Thread 0x000000001d8f8000 Uncommon trap: reason=unstable_if action=reinterpret pc=0x0000000004215c0c method=com.android.tools.r8.ir.regalloc.a.b()V @ 969
Event: 1324.420 Thread 0x000000001d8f8000 Uncommon trap: reason=unstable_if action=reinterpret pc=0x000000000562e380 method=com.android.tools.r8.ir.regalloc.a.c(Lcom/android/tools/r8/ir/regalloc/b;)Z @ 22
Event: 1325.171 Thread 0x000000001a675000 Uncommon trap: reason=predicate action=maybe_recompile pc=0x0000000005500bc0 method=java.util.TimSort.mergeHi(IIII)V @ 191
Event: 1325.173 Thread 0x000000001a675000 Uncommon trap: reason=array_check action=maybe_recompile pc=0x00000000054cd768 method=java.util.TimSort.mergeLo(IIII)V @ 133
Event: 1325.173 Thread 0x000000001a675000 Uncommon trap: reason=predicate action=maybe_recompile pc=0x00000000054cd48c method=java.util.TimSort.mergeLo(IIII)V @ 153
Event: 1325.364 Thread 0x000000001d8fd000 Uncommon trap: reason=array_check action=maybe_recompile pc=0x0000000004a6dd48 method=java.util.TimSort.mergeLo(IIII)V @ 212

Classes redefined (0 events):
No events

Internal exceptions (10 events):
Event: 1308.337 Thread 0x000000001d8fe000 Exception <a 'sun/nio/fs/WindowsException'> (0x00000000d78f1238) thrown at [C:\src\AOSP-openjdk-git\hotspot\src\share\vm\prims\jni.cpp, line 710]
Event: 1308.337 Thread 0x000000001d8fe000 Exception <a 'sun/nio/fs/WindowsException'> (0x00000000d78f1f08) thrown at [C:\src\AOSP-openjdk-git\hotspot\src\share\vm\prims\jni.cpp, line 710]
Event: 1308.338 Thread 0x000000001d8fe000 Exception <a 'sun/nio/fs/WindowsException'> (0x00000000d78f2c48) thrown at [C:\src\AOSP-openjdk-git\hotspot\src\share\vm\prims\jni.cpp, line 710]
Event: 1308.338 Thread 0x000000001d8fe000 Exception <a 'sun/nio/fs/WindowsException'> (0x00000000d78f4a48) thrown at [C:\src\AOSP-openjdk-git\hotspot\src\share\vm\prims\jni.cpp, line 710]
Event: 1308.338 Thread 0x000000001d8fe000 Exception <a 'sun/nio/fs/WindowsException'> (0x00000000d78f5728) thrown at [C:\src\AOSP-openjdk-git\hotspot\src\share\vm\prims\jni.cpp, line 710]
Event: 1308.338 Thread 0x000000001d8fe000 Exception <a 'sun/nio/fs/WindowsException'> (0x00000000d78f6478) thrown at [C:\src\AOSP-openjdk-git\hotspot\src\share\vm\prims\jni.cpp, line 710]
Event: 1322.609 Thread 0x000000001ddfb800 Implicit null exception at 0x00000000032d3ad5 to 0x00000000032d3f55
Event: 1324.031 Thread 0x000000001d8f8000 Exception <a 'sun/nio/fs/WindowsException'> (0x00000000dbf379b0) thrown at [C:\src\AOSP-openjdk-git\hotspot\src\share\vm\prims\jni.cpp, line 710]
Event: 1324.505 Thread 0x000000001d8f8000 Exception <a 'sun/nio/fs/WindowsException'> (0x00000000dd7deb70) thrown at [C:\src\AOSP-openjdk-git\hotspot\src\share\vm\prims\jni.cpp, line 710]
Event: 1324.542 Thread 0x000000001d8f8000 Exception <a 'sun/nio/fs/WindowsException'> (0x00000000dd868540) thrown at [C:\src\AOSP-openjdk-git\hotspot\src\share\vm\prims\jni.cpp, line 710]

Events (10 events):
Event: 1325.364 Thread 0x000000001d8fd000 DEOPT UNPACKING pc=0x000000000261557b sp=0x000000002538d848 mode 2
Event: 1325.417 Thread 0x000000001d8fd000 DEOPT PACKING pc=0x00000000041dad8d sp=0x000000002538cdd0
Event: 1325.418 Thread 0x000000001d8fd000 DEOPT UNPACKING pc=0x00000000026175d0 sp=0x000000002538cb70 mode 0
Event: 1325.966 Executing VM operation: RevokeBias
Event: 1325.966 Executing VM operation: RevokeBias done
Event: 1326.011 Executing VM operation: RevokeBias
Event: 1326.011 Executing VM operation: RevokeBias done
Event: 1326.011 Thread 0x000000001de03000 Thread exited: 0x000000001de03000
Event: 1326.287 Executing VM operation: RevokeBias
Event: 1326.287 Executing VM operation: RevokeBias done


Dynamic libraries:
0x00007ff6fe290000 - 0x00007ff6fe2c1000 	C:\Program Files\Android\Android Studio\jre\bin\java.exe
0x00007ff9d8d60000 - 0x00007ff9d8f50000 	C:\Windows\SYSTEM32\ntdll.dll
0x00007ff9d8b20000 - 0x00007ff9d8bd2000 	C:\Windows\System32\KERNEL32.DLL
0x00007ff9d6050000 - 0x00007ff9d62f3000 	C:\Windows\System32\KERNELBASE.dll
0x00007ff9d77f0000 - 0x00007ff9d7893000 	C:\Windows\System32\ADVAPI32.dll
0x00007ff9d8a10000 - 0x00007ff9d8aae000 	C:\Windows\System32\msvcrt.dll
0x00007ff9d8470000 - 0x00007ff9d8507000 	C:\Windows\System32\sechost.dll
0x00007ff9d8150000 - 0x00007ff9d8270000 	C:\Windows\System32\RPCRT4.dll
0x00007ff9d7150000 - 0x00007ff9d72e4000 	C:\Windows\System32\USER32.dll
0x00007ff9d6de0000 - 0x00007ff9d6e01000 	C:\Windows\System32\win32u.dll
0x00007ff9d8c90000 - 0x00007ff9d8cb6000 	C:\Windows\System32\GDI32.dll
0x00007ff9d5cf0000 - 0x00007ff9d5e84000 	C:\Windows\System32\gdi32full.dll
0x00007ff9d6300000 - 0x00007ff9d639e000 	C:\Windows\System32\msvcp_win.dll
0x00007ff9d6ce0000 - 0x00007ff9d6dda000 	C:\Windows\System32\ucrtbase.dll
0x00007ff9c49e0000 - 0x00007ff9c4c65000 	C:\Windows\WinSxS\amd64_microsoft.windows.common-controls_6595b64144ccf1df_6.0.18362.535_none_e6c3b34713100821\COMCTL32.dll
0x00007ff9d6e10000 - 0x00007ff9d7146000 	C:\Windows\System32\combase.dll
0x00007ff9d6480000 - 0x00007ff9d6500000 	C:\Windows\System32\bcryptPrimitives.dll
0x00007ff9d77c0000 - 0x00007ff9d77ee000 	C:\Windows\System32\IMM32.DLL
0x00000000770f0000 - 0x00000000771c2000 	C:\Program Files\Android\Android Studio\jre\jre\bin\msvcr100.dll
0x00000000767a0000 - 0x0000000076feb000 	C:\Program Files\Android\Android Studio\jre\jre\bin\server\jvm.dll
0x00007ff9d78a0000 - 0x00007ff9d78a8000 	C:\Windows\System32\PSAPI.DLL
0x00007ff9d57d0000 - 0x00007ff9d57da000 	C:\Windows\SYSTEM32\VERSION.dll
0x00007ff9d3990000 - 0x00007ff9d39b4000 	C:\Windows\SYSTEM32\WINMM.dll
0x00007ff9ca7e0000 - 0x00007ff9ca7e9000 	C:\Windows\SYSTEM32\WSOCK32.dll
0x00007ff9d8ab0000 - 0x00007ff9d8b1f000 	C:\Windows\System32\WS2_32.dll
0x00007ff9d3960000 - 0x00007ff9d398d000 	C:\Windows\SYSTEM32\winmmbase.dll
0x00007ff9d5fe0000 - 0x00007ff9d602a000 	C:\Windows\System32\cfgmgr32.dll
0x00007ff9c0600000 - 0x00007ff9c060f000 	C:\Program Files\Android\Android Studio\jre\jre\bin\verify.dll
0x00007ff9bdfe0000 - 0x00007ff9be009000 	C:\Program Files\Android\Android Studio\jre\jre\bin\java.dll
0x00007ff9bf310000 - 0x00007ff9bf326000 	C:\Program Files\Android\Android Studio\jre\jre\bin\zip.dll
0x00007ff9d78b0000 - 0x00007ff9d7f95000 	C:\Windows\System32\SHELL32.dll
0x00007ff9d8be0000 - 0x00007ff9d8c89000 	C:\Windows\System32\shcore.dll
0x00007ff9d6500000 - 0x00007ff9d6c7f000 	C:\Windows\System32\windows.storage.dll
0x00007ff9d5cb0000 - 0x00007ff9d5ccf000 	C:\Windows\System32\profapi.dll
0x00007ff9d5c60000 - 0x00007ff9d5caa000 	C:\Windows\System32\powrprof.dll
0x00007ff9d5c30000 - 0x00007ff9d5c40000 	C:\Windows\System32\UMPDC.dll
0x00007ff9d8cc0000 - 0x00007ff9d8d12000 	C:\Windows\System32\shlwapi.dll
0x00007ff9d5cd0000 - 0x00007ff9d5ce1000 	C:\Windows\System32\kernel.appcore.dll
0x00007ff9d6030000 - 0x00007ff9d6047000 	C:\Windows\System32\cryptsp.dll
0x00007ff9be0a0000 - 0x00007ff9be0ba000 	C:\Program Files\Android\Android Studio\jre\jre\bin\net.dll
0x00007ff9d53d0000 - 0x00007ff9d5437000 	C:\Windows\system32\mswsock.dll
0x00007ff9bdfc0000 - 0x00007ff9bdfd3000 	C:\Program Files\Android\Android Studio\jre\jre\bin\nio.dll
0x00007ff9b20c0000 - 0x00007ff9b20e6000 	C:\Users\Kemane Donfack\.gradle\native\31\windows-amd64\native-platform.dll
0x00007ff9bdfb0000 - 0x00007ff9bdfbd000 	C:\Program Files\Android\Android Studio\jre\jre\bin\management.dll
0x00007ff9d4f40000 - 0x00007ff9d4f73000 	C:\Windows\system32\rsaenh.dll
0x00007ff9d6450000 - 0x00007ff9d6476000 	C:\Windows\System32\bcrypt.dll
0x00007ff9d5b50000 - 0x00007ff9d5b75000 	C:\Windows\SYSTEM32\USERENV.dll
0x00007ff9d55a0000 - 0x00007ff9d55ac000 	C:\Windows\SYSTEM32\CRYPTBASE.dll
0x00007ff9d50e0000 - 0x00007ff9d511a000 	C:\Windows\SYSTEM32\IPHLPAPI.DLL
0x00007ff9d87e0000 - 0x00007ff9d87e8000 	C:\Windows\System32\NSI.dll
0x00007ff9ca1d0000 - 0x00007ff9ca1e6000 	C:\Windows\SYSTEM32\dhcpcsvc6.DLL
0x00007ff9ccec0000 - 0x00007ff9ccedc000 	C:\Windows\SYSTEM32\dhcpcsvc.DLL
0x00007ff9d5120000 - 0x00007ff9d51ea000 	C:\Windows\SYSTEM32\DNSAPI.dll
0x00007ff9c5370000 - 0x00007ff9c5564000 	C:\Windows\SYSTEM32\dbghelp.dll

VM Arguments:
jvm_args: -Xmx2048m -Dfile.encoding=windows-1252 -Duser.country=FR -Duser.language=fr -Duser.variant 
java_command: org.gradle.launcher.daemon.bootstrap.GradleDaemon 6.1.1
java_class_path (initial): C:\Users\Kemane Donfack\.gradle\wrapper\dists\gradle-6.1.1-all\cfmwm155h49vnt3hynmlrsdst\gradle-6.1.1\lib\gradle-launcher-6.1.1.jar
Launcher Type: SUN_STANDARD

Environment Variables:
PATH=C:\app\Kemane_Donfack\product\11.2.0\dbhome_1\bin;C:\Program Files (x86)\Common Files\Oracle\Java\javapath;C:\Program Files (x86)\NVIDIA Corporation\PhysX\Common;C:\Windows\system32;C:\Windows;C:\Windows\System32\Wbem;C:\Windows\System32\WindowsPowerShell\v1.0\;C:\Windows\System32\OpenSSH\;C:\laragon\bin\php\php-7.2.19-Win32-VC15-x64;C:\laragon\bin\nodejs\node-v12;C:\laragon\bin\mysql\mysql-5.7.24-winx64\bin;C:\src\flutter\bin;C:\Program Files\nodejs\;C:\Program Files\Git\cmd;C:\Program Files\PostgreSQL\12\bin;C:\src\flutter\dart-sdk\bin;C:\src\Android\android-sdk\platform-tools;C:\src\Android\android-sdk\platforms\android-28;C:\composer;C:\Program Files\Microsoft SQL Server\Client SDK\ODBC\130\Tools\Binn\;C:\Program Files (x86)\Microsoft SQL Server\140\Tools\Binn\;C:\Program Files\Microsoft SQL Server\140\Tools\Binn\;C:\Program Files\Microsoft SQL Server\140\DTS\Binn\;C:\Program Files (x86)\Microsoft SQL Server\Client SDK\ODBC\130\Tools\Binn\;C:\Program Files (x86)\Microsoft SQL Server\140\DTS\Binn\;C:\Program Files (x86)\Microsoft SQL Server\140\Tools\Binn\ManagementStudio\;C:\Users\Kemane Donfack\AppData\Local\Programs\Python\Python38\Scripts\;C:\Users\Kemane Donfack\AppData\Local\Programs\Python\Python38\;C:\Users\Kemane Donfack\AppData\Local\Microsoft\WindowsApps;C:\Users\Kemane Donfack\AppData\Local\Programs\Microsoft VS Code\bin;C:\Users\Kemane Donfack\AppData\Roaming\Composer\vendor\bin;C:\Users\Kemane Donfack\AppData\Roaming\npm;
USERNAME=Kemane Donfack
OS=Windows_NT
PROCESSOR_IDENTIFIER=Intel64 Family 6 Model 58 Stepping 9, GenuineIntel



---------------  S Y S T E M  ---------------

OS: Windows 10.0 , 64 bit Build 18362 (10.0.18362.329)

CPU:total 4 (initial active 4) (2 cores per cpu, 2 threads per core) family 6 model 58 stepping 9, cmov, cx8, fxsr, mmx, sse, sse2, sse3, ssse3, sse4.1, sse4.2, popcnt, avx, clmul, erms, ht, tsc, tscinvbit, tscinv

Memory: 4k page, physical 6161460k(138212k free), swap 11404340k(1230372k free)

vm_info: OpenJDK 64-Bit Server VM (25.242-b01) for windows-amd64 JRE (1.8.0_242-release-1644-b01), built by "builder" with MS VC++ 10.0 (VS2010)

time: Thu Feb 11 01:04:37 2021
timezone: Afr. centrale Ouest
elapsed time: 1327 seconds (0d 0h 22m 7s)

