#
# A fatal error has been detected by the Java Runtime Environment:
#
#  EXCEPTION_ACCESS_VIOLATION (0xc0000005) at pc=0x000000005c9133d0, pid=21484, tid=0x0000000000004eb8
#
# JRE version: OpenJDK Runtime Environment (8.0_242-b01) (build 1.8.0_242-release-1644-b01)
# Java VM: OpenJDK 64-Bit Server VM (25.242-b01 mixed mode windows-amd64 compressed oops)
# Problematic frame:
# V  [jvm.dll+0x4733d0]
#
# Failed to write core dump. Minidumps are not enabled by default on client versions of Windows
#
# If you would like to submit a bug report, please visit:
#   
#

---------------  T H R E A D  ---------------

Current thread (0x0000000017fda000):  JavaThread "C2 CompilerThread1" daemon [_thread_in_native, id=20152, stack(0x0000000019750000,0x0000000019850000)]

siginfo: ExceptionCode=0xc0000005, reading address 0x000000025cc6f750

Registers:
RAX=0x0000000000000000, RBX=0x0000000025d09810, RCX=0x000000025cc6f750, RDX=0x0000000000000000
RSP=0x000000001984c420, RBP=0x000000000000000d, RSI=0x0000000000000068, RDI=0x000000001984c470
R8 =0x0000000000010000, R9 =0x0000000022a2ba20, R10=0x000000005c4a0000, R11=0x000000001984c340
R12=0x000000005cc6f750, R13=0x000000005c4a0000, R14=0x0000000019a7d778, R15=0x00000000000003d8
RIP=0x000000005c9133d0, EFLAGS=0x0000000000010246

Top of Stack: (sp=0x000000001984c420)
0x000000001984c420:   000000001984ebf0 0000000025d0fb70
0x000000001984c430:   fffffffffffffff8 0000000017f947b0
0x000000001984c440:   0000000000001df0 000000005c90e49f
0x000000001984c450:   0000000025dba9d0 0000000025d09810
0x000000001984c460:   0000000000001df0 000000001984c550
0x000000001984c470:   00000c2a00000000 0000000000000002
0x000000001984c480:   000000025cc6f750 000000000000000d
0x000000001984c490:   000000001e7fb920 000000000000003d
0x000000001984c4a0:   0000000025dbb650 000000001984c840
0x000000001984c4b0:   0000000019a7d3a0 000000001984c840
0x000000001984c4c0:   0000000019a7d390 000000005c8daa46
0x000000001984c4d0:   000000001984c950 000000001984c5d0
0x000000001984c4e0:   0000000000000000 0000000000000009
0x000000001984c4f0:   0000000000000006 0000000019a7d390
0x000000001984c500:   0000000022a28fa0 0000000022a2c910
0x000000001984c510:   0000000022a30f88 00000000011b2d68 

Instructions: (pc=0x000000005c9133d0)
0x000000005c9133b0:   48 8b 4f 20 48 39 04 0e 0f 84 9d 00 00 00 48 8b
0x000000005c9133c0:   0c 0e 33 d2 33 c0 48 89 4f 10 66 0f 1f 44 00 00
0x000000005c9133d0:   83 3c 08 00 0f 85 36 01 00 00 ff c2 48 83 c0 04
0x000000005c9133e0:   83 fa 08 72 eb 48 8b 47 30 48 89 44 24 30 48 85 


Register to memory mapping:

RAX=0x0000000000000000 is an unknown value
RBX=0x0000000025d09810 is an unknown value
RCX=0x000000025cc6f750 is an unknown value
RDX=0x0000000000000000 is an unknown value
RSP=0x000000001984c420 is pointing into the stack for thread: 0x0000000017fda000
RBP=0x000000000000000d is an unknown value
RSI=0x0000000000000068 is an unknown value
RDI=0x000000001984c470 is pointing into the stack for thread: 0x0000000017fda000
R8 =0x0000000000010000 is an unknown value
R9 =0x0000000022a2ba20 is an unknown value
R10=0x000000005c4a0000 is an unknown value
R11=0x000000001984c340 is pointing into the stack for thread: 0x0000000017fda000
R12=0x000000005cc6f750 is an unknown value
R13=0x000000005c4a0000 is an unknown value
R14=0x0000000019a7d778 is an unknown value
R15=0x00000000000003d8 is an unknown value


Stack: [0x0000000019750000,0x0000000019850000],  sp=0x000000001984c420,  free space=1009k
Native frames: (J=compiled Java code, j=interpreted, Vv=VM code, C=native code)
V  [jvm.dll+0x4733d0]
V  [jvm.dll+0x46e49f]
V  [jvm.dll+0x43aa46]
V  [jvm.dll+0x4456ab]
V  [jvm.dll+0x447fa8]
V  [jvm.dll+0x42b072]
V  [jvm.dll+0x8230f]
V  [jvm.dll+0x82c7f]
V  [jvm.dll+0x220b7f]
V  [jvm.dll+0x27276a]
C  [msvcr100.dll+0x21d9f]
C  [msvcr100.dll+0x21e3b]
C  [KERNEL32.DLL+0x17bd4]
C  [ntdll.dll+0x6ced1]


Current CompileTask:
C2:  63944 6351   !   4       java.net.URLClassLoader$1::run (63 bytes)


---------------  P R O C E S S  ---------------

Java Threads: ( => current thread )
  0x000000001e939000 JavaThread "Execution worker for ':' Thread 3" [_thread_blocked, id=16692, stack(0x00000000250c0000,0x00000000251c0000)]
  0x000000001e939800 JavaThread "Execution worker for ':' Thread 2" [_thread_blocked, id=1716, stack(0x0000000024fc0000,0x00000000250c0000)]
  0x000000001e934800 JavaThread "Execution worker for ':'" [_thread_blocked, id=13272, stack(0x0000000002fc0000,0x00000000030c0000)]
  0x000000001e938000 JavaThread "Cache worker for file content cache (D:\SR1\Programmation\Programme Android Java\carwash\.gradle\6.1.1\fileContent)" [_thread_blocked, id=20288, stack(0x0000000025260000,0x0000000025360000)]
  0x000000001e92c800 JavaThread "Cache worker for file content cache (C:\Users\Kemane Donfack\.gradle\caches\6.1.1\fileContent)" [_thread_blocked, id=19284, stack(0x0000000024ec0000,0x0000000024fc0000)]
  0x000000001e933800 JavaThread "Memory manager" [_thread_blocked, id=12704, stack(0x0000000024b00000,0x0000000024c00000)]
  0x000000001e932000 JavaThread "Cache worker for Build Output Cleanup Cache (D:\SR1\Programmation\Programme Android Java\carwash\.gradle\buildOutputCleanup)" [_thread_blocked, id=20408, stack(0x0000000024200000,0x0000000024300000)]
  0x000000001e92f800 JavaThread "Build operations Thread 4" [_thread_blocked, id=5024, stack(0x0000000023b00000,0x0000000023c00000)]
  0x000000001e92d800 JavaThread "Build operations Thread 3" [_thread_blocked, id=8148, stack(0x0000000023a00000,0x0000000023b00000)]
  0x000000001e92f000 JavaThread "Build operations Thread 2" [_thread_blocked, id=2492, stack(0x0000000023900000,0x0000000023a00000)]
  0x000000001e92e000 JavaThread "Build operations" [_thread_blocked, id=20216, stack(0x0000000023800000,0x0000000023900000)]
  0x000000001a68a800 JavaThread "Cache worker for execution history cache (C:\Users\Kemane Donfack\.gradle\caches\6.1.1\executionHistory)" [_thread_blocked, id=19860, stack(0x0000000021930000,0x0000000021a30000)]
  0x000000001a68c000 JavaThread "Cache worker for cache directory md-rule (C:\Users\Kemane Donfack\.gradle\caches\6.1.1\md-rule)" [_thread_blocked, id=7656, stack(0x0000000021830000,0x0000000021930000)]
  0x000000001a68c800 JavaThread "Cache worker for cache directory md-supplier (C:\Users\Kemane Donfack\.gradle\caches\6.1.1\md-supplier)" [_thread_blocked, id=8500, stack(0x0000000020760000,0x0000000020860000)]
  0x000000001a68b000 JavaThread "Cache worker for file hash cache (D:\SR1\Programmation\Programme Android Java\carwash\.gradle\6.1.1\fileHashes)" [_thread_blocked, id=18060, stack(0x0000000020260000,0x0000000020360000)]
  0x000000001a68f000 JavaThread "Cache worker for checksums cache (D:\SR1\Programmation\Programme Android Java\carwash\.gradle\checksums)" [_thread_blocked, id=12504, stack(0x0000000020160000,0x0000000020260000)]
  0x000000001a68f800 JavaThread "Cache worker for file hash cache (C:\Users\Kemane Donfack\.gradle\caches\6.1.1\fileHashes)" [_thread_blocked, id=16320, stack(0x000000001ee90000,0x000000001ef90000)]
  0x000000001a691000 JavaThread "File lock request listener" [_thread_in_native, id=15772, stack(0x000000001dca0000,0x000000001dda0000)]
  0x000000001a68e000 JavaThread "Cache worker for journal cache (C:\Users\Kemane Donfack\.gradle\caches\journal-1)" [_thread_blocked, id=7812, stack(0x000000001dba0000,0x000000001dca0000)]
  0x000000001b01e000 JavaThread "Thread-9" [_thread_blocked, id=19504, stack(0x000000001d8a0000,0x000000001d9a0000)]
  0x000000001b018000 JavaThread "Stdin handler" [_thread_blocked, id=16288, stack(0x000000001d7a0000,0x000000001d8a0000)]
  0x000000001a87d800 JavaThread "Asynchronous log dispatcher for DefaultDaemonConnection: socket connection from /127.0.0.1:59460 to /127.0.0.1:59461" [_thread_in_native, id=14372, stack(0x000000001d6a0000,0x000000001d7a0000)]
  0x000000001a87b000 JavaThread "Daemon worker" [_thread_in_Java, id=15368, stack(0x000000001d5a0000,0x000000001d6a0000)]
  0x000000001b023000 JavaThread "Cancel handler" [_thread_blocked, id=9060, stack(0x000000001d4a0000,0x000000001d5a0000)]
  0x000000001adcf000 JavaThread "Handler for socket connection from /127.0.0.1:59460 to /127.0.0.1:59461" [_thread_in_native, id=19620, stack(0x000000001d1a0000,0x000000001d2a0000)]
  0x000000001adce000 JavaThread "Daemon" [_thread_blocked, id=13092, stack(0x000000001d0a0000,0x000000001d1a0000)]
  0x000000001b8cb800 JavaThread "Daemon periodic checks" [_thread_blocked, id=11884, stack(0x000000001cfa0000,0x000000001d0a0000)]
  0x0000000019ab5800 JavaThread "Incoming local TCP Connector on port 59460" [_thread_in_native, id=17300, stack(0x000000001cd30000,0x000000001ce30000)]
  0x0000000019fd3800 JavaThread "Daemon health stats" [_thread_blocked, id=17368, stack(0x000000001c6f0000,0x000000001c7f0000)]
  0x0000000019978800 JavaThread "Service Thread" daemon [_thread_blocked, id=21036, stack(0x0000000019d50000,0x0000000019e50000)]
  0x0000000017fe9800 JavaThread "C1 CompilerThread2" daemon [_thread_blocked, id=20544, stack(0x0000000019850000,0x0000000019950000)]
=>0x0000000017fda000 JavaThread "C2 CompilerThread1" daemon [_thread_in_native, id=20152, stack(0x0000000019750000,0x0000000019850000)]
  0x0000000017fd6000 JavaThread "C2 CompilerThread0" daemon [_thread_in_native, id=20640, stack(0x0000000019650000,0x0000000019750000)]
  0x0000000017fd4800 JavaThread "Attach Listener" daemon [_thread_blocked, id=19836, stack(0x0000000019550000,0x0000000019650000)]
  0x0000000017fd3000 JavaThread "Signal Dispatcher" daemon [_thread_blocked, id=20824, stack(0x0000000019450000,0x0000000019550000)]
  0x00000000033ab800 JavaThread "Finalizer" daemon [_thread_blocked, id=10564, stack(0x0000000019220000,0x0000000019320000)]
  0x0000000017fb9000 JavaThread "Reference Handler" daemon [_thread_blocked, id=19036, stack(0x0000000019120000,0x0000000019220000)]
  0x00000000032b2800 JavaThread "main" [_thread_blocked, id=20380, stack(0x00000000031b0000,0x00000000032b0000)]

Other Threads:
  0x0000000017f95800 VMThread [stack: 0x0000000019020000,0x0000000019120000] [id=14496]
  0x000000001802d000 WatcherThread [stack: 0x0000000019e50000,0x0000000019f50000] [id=11752]

VM state:not at safepoint (normal execution)

VM Mutex/Monitor currently owned by a thread: None

heap address: 0x0000000080000000, size: 2048 MB, Compressed Oops mode: 32-bit
Narrow klass base: 0x0000000000000000, Narrow klass shift: 3
Compressed class space size: 1073741824 Address: 0x0000000100000000

Heap:
 PSYoungGen      total 63488K, used 12845K [0x00000000d5580000, 0x00000000da380000, 0x0000000100000000)
  eden space 55296K, 9% used [0x00000000d5580000,0x00000000d5aae168,0x00000000d8b80000)
  from space 8192K, 92% used [0x00000000d8b80000,0x00000000d92dd418,0x00000000d9380000)
  to   space 9216K, 0% used [0x00000000d9a80000,0x00000000d9a80000,0x00000000da380000)
 ParOldGen       total 83968K, used 29505K [0x0000000080000000, 0x0000000085200000, 0x00000000d5580000)
  object space 83968K, 35% used [0x0000000080000000,0x0000000081cd0570,0x0000000085200000)
 Metaspace       used 59862K, capacity 62362K, committed 62632K, reserved 1103872K
  class space    used 8274K, capacity 8788K, committed 8880K, reserved 1048576K

Card table byte_map: [0x0000000012770000,0x0000000012b80000] byte_map_base: 0x0000000012370000

Marking Bits: (ParMarkBitMap*) 0x000000005cc6f030
 Begin Bits: [0x0000000013230000, 0x0000000015230000)
 End Bits:   [0x0000000015230000, 0x0000000017230000)

Polling page: 0x00000000013f0000

CodeCache: size=245760Kb used=18127Kb max_used=19374Kb free=227632Kb
 bounds [0x00000000033b0000, 0x00000000046b0000, 0x00000000123b0000]
 total_blobs=6466 nmethods=5685 adapters=694
 compilation: enabled

Compilation events (10 events):
Event: 63.877 Thread 0x0000000017fe9800 6488       1       org.gradle.internal.execution.history.impl.AbstractExecutionState::getOutputFileProperties (5 bytes)
Event: 63.878 Thread 0x0000000017fe9800 nmethod 6488 0x00000000037ce290 code [0x00000000037ce3e0, 0x00000000037ce4f0]
Event: 63.878 Thread 0x0000000017fe9800 6489       1       com.google.common.collect.ImmutableSortedMap::keySet (5 bytes)
Event: 63.878 Thread 0x0000000017fe9800 nmethod 6489 0x0000000003804990 code [0x0000000003804ae0, 0x0000000003804bf0]
Event: 63.878 Thread 0x0000000017fe9800 6490       1       com.google.common.collect.ImmutableEntry::getKey (5 bytes)
Event: 63.878 Thread 0x0000000017fe9800 nmethod 6490 0x00000000038046d0 code [0x0000000003804820, 0x0000000003804930]
Event: 63.878 Thread 0x0000000017fe9800 6484       3       org.gradle.cache.internal.CacheAccessWorker$1::call (10 bytes)
Event: 63.878 Thread 0x0000000017fe9800 nmethod 6484 0x00000000039b3f90 code [0x00000000039b4100, 0x00000000039b4328]
Event: 63.878 Thread 0x0000000017fe9800 6485       3       org.gradle.cache.internal.AsyncCacheAccessDecoratedCache$1::create (17 bytes)
Event: 63.878 Thread 0x0000000017fe9800 nmethod 6485 0x0000000003eac2d0 code [0x0000000003eac440, 0x0000000003eac688]

GC Heap History (10 events):
Event: 51.086 GC heap before
{Heap before GC invocations=26 (full 2):
 PSYoungGen      total 48128K, used 45315K [0x00000000d5580000, 0x00000000d9580000, 0x0000000100000000)
  eden space 39936K, 100% used [0x00000000d5580000,0x00000000d7c80000,0x00000000d7c80000)
  from space 8192K, 65% used [0x00000000d7c80000,0x00000000d81c0e90,0x00000000d8480000)
  to   space 8192K, 0% used [0x00000000d8d80000,0x00000000d8d80000,0x00000000d9580000)
 ParOldGen       total 52224K, used 20526K [0x0000000080000000, 0x0000000083300000, 0x00000000d5580000)
  object space 52224K, 39% used [0x0000000080000000,0x000000008140b868,0x0000000083300000)
 Metaspace       used 51138K, capacity 52910K, committed 53160K, reserved 1095680K
  class space    used 6863K, capacity 7264K, committed 7344K, reserved 1048576K
Event: 51.098 GC heap after
Heap after GC invocations=26 (full 2):
 PSYoungGen      total 56320K, used 4988K [0x00000000d5580000, 0x00000000d9500000, 0x0000000100000000)
  eden space 48640K, 0% used [0x00000000d5580000,0x00000000d5580000,0x00000000d8500000)
  from space 7680K, 64% used [0x00000000d8d80000,0x00000000d925f038,0x00000000d9500000)
  to   space 8192K, 0% used [0x00000000d8500000,0x00000000d8500000,0x00000000d8d00000)
 ParOldGen       total 52224K, used 22912K [0x0000000080000000, 0x0000000083300000, 0x00000000d5580000)
  object space 52224K, 43% used [0x0000000080000000,0x00000000816601a8,0x0000000083300000)
 Metaspace       used 51138K, capacity 52910K, committed 53160K, reserved 1095680K
  class space    used 6863K, capacity 7264K, committed 7344K, reserved 1048576K
}
Event: 53.540 GC heap before
{Heap before GC invocations=27 (full 2):
 PSYoungGen      total 56320K, used 53628K [0x00000000d5580000, 0x00000000d9500000, 0x0000000100000000)
  eden space 48640K, 100% used [0x00000000d5580000,0x00000000d8500000,0x00000000d8500000)
  from space 7680K, 64% used [0x00000000d8d80000,0x00000000d925f038,0x00000000d9500000)
  to   space 8192K, 0% used [0x00000000d8500000,0x00000000d8500000,0x00000000d8d00000)
 ParOldGen       total 52224K, used 22912K [0x0000000080000000, 0x0000000083300000, 0x00000000d5580000)
  object space 52224K, 43% used [0x0000000080000000,0x00000000816601a8,0x0000000083300000)
 Metaspace       used 55130K, capacity 57186K, committed 57384K, reserved 1099776K
  class space    used 7528K, capacity 7956K, committed 7984K, reserved 1048576K
Event: 53.561 GC heap after
Heap after GC invocations=27 (full 2):
 PSYoungGen      total 56832K, used 5539K [0x00000000d5580000, 0x00000000d9d80000, 0x0000000100000000)
  eden space 48640K, 0% used [0x00000000d5580000,0x00000000d5580000,0x00000000d8500000)
  from space 8192K, 67% used [0x00000000d8500000,0x00000000d8a68df8,0x00000000d8d00000)
  to   space 8704K, 0% used [0x00000000d9500000,0x00000000d9500000,0x00000000d9d80000)
 ParOldGen       total 52224K, used 26041K [0x0000000080000000, 0x0000000083300000, 0x00000000d5580000)
  object space 52224K, 49% used [0x0000000080000000,0x000000008196e7f0,0x0000000083300000)
 Metaspace       used 55130K, capacity 57186K, committed 57384K, reserved 1099776K
  class space    used 7528K, capacity 7956K, committed 7984K, reserved 1048576K
}
Event: 59.365 GC heap before
{Heap before GC invocations=28 (full 2):
 PSYoungGen      total 56832K, used 27725K [0x00000000d5580000, 0x00000000d9d80000, 0x0000000100000000)
  eden space 48640K, 45% used [0x00000000d5580000,0x00000000d6b2a8a8,0x00000000d8500000)
  from space 8192K, 67% used [0x00000000d8500000,0x00000000d8a68df8,0x00000000d8d00000)
  to   space 8704K, 0% used [0x00000000d9500000,0x00000000d9500000,0x00000000d9d80000)
 ParOldGen       total 52224K, used 26041K [0x0000000080000000, 0x0000000083300000, 0x00000000d5580000)
  object space 52224K, 49% used [0x0000000080000000,0x000000008196e7f0,0x0000000083300000)
 Metaspace       used 57009K, capacity 59068K, committed 59160K, reserved 1099776K
  class space    used 7832K, capacity 8291K, committed 8368K, reserved 1048576K
Event: 59.373 GC heap after
Heap after GC invocations=28 (full 2):
 PSYoungGen      total 61952K, used 2362K [0x00000000d5580000, 0x00000000d9b80000, 0x0000000100000000)
  eden space 55296K, 0% used [0x00000000d5580000,0x00000000d5580000,0x00000000d8b80000)
  from space 6656K, 35% used [0x00000000d9500000,0x00000000d974ebb8,0x00000000d9b80000)
  to   space 8192K, 0% used [0x00000000d8b80000,0x00000000d8b80000,0x00000000d9380000)
 ParOldGen       total 52224K, used 28569K [0x0000000080000000, 0x0000000083300000, 0x00000000d5580000)
  object space 52224K, 54% used [0x0000000080000000,0x0000000081be6510,0x0000000083300000)
 Metaspace       used 57009K, capacity 59068K, committed 59160K, reserved 1099776K
  class space    used 7832K, capacity 8291K, committed 8368K, reserved 1048576K
}
Event: 59.374 GC heap before
{Heap before GC invocations=29 (full 3):
 PSYoungGen      total 61952K, used 2362K [0x00000000d5580000, 0x00000000d9b80000, 0x0000000100000000)
  eden space 55296K, 0% used [0x00000000d5580000,0x00000000d5580000,0x00000000d8b80000)
  from space 6656K, 35% used [0x00000000d9500000,0x00000000d974ebb8,0x00000000d9b80000)
  to   space 8192K, 0% used [0x00000000d8b80000,0x00000000d8b80000,0x00000000d9380000)
 ParOldGen       total 52224K, used 28569K [0x0000000080000000, 0x0000000083300000, 0x00000000d5580000)
  object space 52224K, 54% used [0x0000000080000000,0x0000000081be6510,0x0000000083300000)
 Metaspace       used 57009K, capacity 59068K, committed 59160K, reserved 1099776K
  class space    used 7832K, capacity 8291K, committed 8368K, reserved 1048576K
Event: 59.807 GC heap after
Heap after GC invocations=29 (full 3):
 PSYoungGen      total 61952K, used 0K [0x00000000d5580000, 0x00000000d9b80000, 0x0000000100000000)
  eden space 55296K, 0% used [0x00000000d5580000,0x00000000d5580000,0x00000000d8b80000)
  from space 6656K, 0% used [0x00000000d9500000,0x00000000d9500000,0x00000000d9b80000)
  to   space 8192K, 0% used [0x00000000d8b80000,0x00000000d8b80000,0x00000000d9380000)
 ParOldGen       total 83968K, used 29497K [0x0000000080000000, 0x0000000085200000, 0x00000000d5580000)
  object space 83968K, 35% used [0x0000000080000000,0x0000000081cce570,0x0000000085200000)
 Metaspace       used 56995K, capacity 59020K, committed 59160K, reserved 1099776K
  class space    used 7828K, capacity 8283K, committed 8368K, reserved 1048576K
}
Event: 63.466 GC heap before
{Heap before GC invocations=30 (full 3):
 PSYoungGen      total 61952K, used 55296K [0x00000000d5580000, 0x00000000d9b80000, 0x0000000100000000)
  eden space 55296K, 100% used [0x00000000d5580000,0x00000000d8b80000,0x00000000d8b80000)
  from space 6656K, 0% used [0x00000000d9500000,0x00000000d9500000,0x00000000d9b80000)
  to   space 8192K, 0% used [0x00000000d8b80000,0x00000000d8b80000,0x00000000d9380000)
 ParOldGen       total 83968K, used 29497K [0x0000000080000000, 0x0000000085200000, 0x00000000d5580000)
  object space 83968K, 35% used [0x0000000080000000,0x0000000081cce570,0x0000000085200000)
 Metaspace       used 59685K, capacity 62118K, committed 62376K, reserved 1103872K
  class space    used 8248K, capacity 8766K, committed 8880K, reserved 1048576K
Event: 63.481 GC heap after
Heap after GC invocations=30 (full 3):
 PSYoungGen      total 63488K, used 7541K [0x00000000d5580000, 0x00000000da380000, 0x0000000100000000)
  eden space 55296K, 0% used [0x00000000d5580000,0x00000000d5580000,0x00000000d8b80000)
  from space 8192K, 92% used [0x00000000d8b80000,0x00000000d92dd418,0x00000000d9380000)
  to   space 9216K, 0% used [0x00000000d9a80000,0x00000000d9a80000,0x00000000da380000)
 ParOldGen       total 83968K, used 29505K [0x0000000080000000, 0x0000000085200000, 0x00000000d5580000)
  object space 83968K, 35% used [0x0000000080000000,0x0000000081cd0570,0x0000000085200000)
 Metaspace       used 59685K, capacity 62118K, committed 62376K, reserved 1103872K
  class space    used 8248K, capacity 8766K, committed 8880K, reserved 1048576K
}

Deoptimization events (10 events):
Event: 63.213 Thread 0x000000001a68a800 Uncommon trap: reason=bimorphic action=maybe_recompile pc=0x0000000003fae45c method=java.util.Arrays.binarySearch0([Ljava/lang/Object;IILjava/lang/Object;Ljava/util/Comparator;)I @ 48
Event: 63.213 Thread 0x000000001a68a800 Uncommon trap: reason=bimorphic action=maybe_recompile pc=0x0000000003fae45c method=java.util.Arrays.binarySearch0([Ljava/lang/Object;IILjava/lang/Object;Ljava/util/Comparator;)I @ 48
Event: 63.213 Thread 0x000000001a68a800 Uncommon trap: reason=bimorphic action=maybe_recompile pc=0x0000000003fb235c method=java.util.Arrays.binarySearch0([Ljava/lang/Object;IILjava/lang/Object;Ljava/util/Comparator;)I @ 48
Event: 63.377 Thread 0x000000001e939800 Uncommon trap: reason=unstable_if action=reinterpret pc=0x00000000042591f4 method=java.util.concurrent.ConcurrentHashMap.addCount(JI)V @ 34
Event: 63.531 Thread 0x000000001e939800 Uncommon trap: reason=unstable_if action=reinterpret pc=0x00000000038bf6b8 method=java.util.concurrent.ConcurrentHashMap.addCount(JI)V @ 7
Event: 63.536 Thread 0x000000001e939800 Uncommon trap: reason=class_check action=maybe_recompile pc=0x0000000004319514 method=java.util.Collections$SetFromMap.remove(Ljava/lang/Object;)Z @ 5
Event: 63.540 Thread 0x000000001e939000 Uncommon trap: reason=class_check action=maybe_recompile pc=0x0000000004319514 method=java.util.Collections$SetFromMap.remove(Ljava/lang/Object;)Z @ 5
Event: 63.545 Thread 0x000000001e934800 Uncommon trap: reason=class_check action=maybe_recompile pc=0x0000000004319514 method=java.util.Collections$SetFromMap.remove(Ljava/lang/Object;)Z @ 5
Event: 63.557 Thread 0x000000001a87b000 Uncommon trap: reason=class_check action=maybe_recompile pc=0x0000000004319514 method=java.util.Collections$SetFromMap.remove(Ljava/lang/Object;)Z @ 5
Event: 63.690 Thread 0x000000001e939000 Uncommon trap: reason=unstable_if action=reinterpret pc=0x0000000003ecf708 method=org.gradle.internal.snapshot.PathUtil.equalChars(CCLorg/gradle/internal/snapshot/CaseSensitivity;)Z @ 11

Classes redefined (0 events):
No events

Internal exceptions (10 events):
Event: 52.234 Thread 0x000000001a87b000 Exception <a 'java/lang/ClassNotFoundException': com/android/build/gradle/internal/api/ApkVariantOutputImplBeanInfo> (0x00000000d675ed68) thrown at [C:\src\AOSP-openjdk-git\hotspot\src\share\vm\classfile\systemDictionary.cpp, line 210]
Event: 52.235 Thread 0x000000001a87b000 Exception <a 'java/lang/ClassNotFoundException': com/android/build/gradle/internal/api/BaseVariantOutputImplBeanInfo> (0x00000000d677d1c8) thrown at [C:\src\AOSP-openjdk-git\hotspot\src\share\vm\classfile\systemDictionary.cpp, line 210]
Event: 52.236 Thread 0x000000001a87b000 Exception <a 'java/lang/ClassNotFoundException': com/android/build/gradle/internal/api/BaseVariantOutputImplCustomizer> (0x00000000d679bb48) thrown at [C:\src\AOSP-openjdk-git\hotspot\src\share\vm\classfile\systemDictionary.cpp, line 210]
Event: 52.239 Thread 0x000000001a87b000 Exception <a 'java/lang/ClassNotFoundException': com/android/build/gradle/internal/api/ApkVariantOutputImplCustomizer> (0x00000000d67d40f8) thrown at [C:\src\AOSP-openjdk-git\hotspot\src\share\vm\classfile\systemDictionary.cpp, line 210]
Event: 52.240 Thread 0x000000001a87b000 Exception <a 'java/lang/ClassNotFoundException': com/android/build/gradle/internal/api/ApkVariantOutputImpl_DecoratedCustomizer> (0x00000000d6807c68) thrown at [C:\src\AOSP-openjdk-git\hotspot\src\share\vm\classfile\systemDictionary.cpp, line 210]
Event: 53.657 Thread 0x000000001a87b000 Exception <a 'java/lang/ClassNotFoundException': com/sun/org/glassfish/hk2/osgiresourcelocator/ServiceLoader> (0x00000000d56ae6d0) thrown at [C:\src\AOSP-openjdk-git\hotspot\src\share\vm\classfile\systemDictionary.cpp, line 210]
Event: 53.961 Thread 0x000000001a87b000 Exception <a 'java/lang/NullPointerException'> (0x00000000d5b075a8) thrown at [C:\src\AOSP-openjdk-git\hotspot\src\share\vm\interpreter\linkResolver.cpp, line 1287]
Event: 62.827 Thread 0x000000001e939000 Exception <a 'java/lang/NoSuchMethodError': java.lang.Object.lambda$identity$2(Ljava/lang/Object;)Ljava/lang/Object;> (0x00000000d82fd6d0) thrown at [C:\src\AOSP-openjdk-git\hotspot\src\share\vm\interpreter\linkResolver.cpp, line 620]
Event: 62.827 Thread 0x000000001a87b000 Exception <a 'java/lang/NoSuchMethodError': java.lang.Object.lambda$identity$2(Ljava/lang/Object;)Ljava/lang/Object;> (0x00000000d80a6628) thrown at [C:\src\AOSP-openjdk-git\hotspot\src\share\vm\interpreter\linkResolver.cpp, line 620]
Event: 62.828 Thread 0x000000001e934800 Exception <a 'java/lang/NoSuchMethodError': java.lang.Object.lambda$identity$2(Ljava/lang/Object;)Ljava/lang/Object;> (0x00000000d84e00a8) thrown at [C:\src\AOSP-openjdk-git\hotspot\src\share\vm\interpreter\linkResolver.cpp, line 620]

Events (10 events):
Event: 63.628 Thread 0x0000000017fe9800 flushing nmethod 0x00000000042f9290
Event: 63.628 Thread 0x0000000017fe9800 flushing nmethod 0x00000000043617d0
Event: 63.628 Thread 0x0000000017fe9800 flushing nmethod 0x00000000043ad290
Event: 63.628 Thread 0x0000000017fe9800 flushing nmethod 0x00000000043b2b90
Event: 63.629 Thread 0x0000000017fe9800 flushing nmethod 0x00000000043b4550
Event: 63.690 Thread 0x000000001e939000 Uncommon trap: trap_request=0xffffff65 fr.pc=0x0000000003ecf708
Event: 63.690 Thread 0x000000001e939000 DEOPT PACKING pc=0x0000000003ecf708 sp=0x00000000251bcfc0
Event: 63.690 Thread 0x000000001e939000 DEOPT UNPACKING pc=0x00000000033f557b sp=0x00000000251bcf60 mode 2
Event: 63.875 Thread 0x000000001a68e000 DEOPT PACKING pc=0x00000000039653f2 sp=0x000000001dc9e760
Event: 63.875 Thread 0x000000001a68e000 DEOPT UNPACKING pc=0x00000000033f75d0 sp=0x000000001dc9e430 mode 0


Dynamic libraries:
0x00007ff640030000 - 0x00007ff640061000 	C:\Program Files\Android\Android Studio\jre\bin\java.exe
0x00007ffdb57e0000 - 0x00007ffdb59d0000 	C:\Windows\SYSTEM32\ntdll.dll
0x00007ffdb4800000 - 0x00007ffdb48b2000 	C:\Windows\System32\KERNEL32.DLL
0x00007ffdb35e0000 - 0x00007ffdb3883000 	C:\Windows\System32\KERNELBASE.dll
0x00007ffdb53e0000 - 0x00007ffdb5483000 	C:\Windows\System32\ADVAPI32.dll
0x00007ffdb46c0000 - 0x00007ffdb475e000 	C:\Windows\System32\msvcrt.dll
0x00007ffdb4760000 - 0x00007ffdb47f7000 	C:\Windows\System32\sechost.dll
0x00007ffdb5490000 - 0x00007ffdb55b0000 	C:\Windows\System32\RPCRT4.dll
0x00007ffdb3a50000 - 0x00007ffdb3be4000 	C:\Windows\System32\USER32.dll
0x00007ffdb3210000 - 0x00007ffdb3231000 	C:\Windows\System32\win32u.dll
0x00007ffdb4690000 - 0x00007ffdb46b6000 	C:\Windows\System32\GDI32.dll
0x00007ffdb3240000 - 0x00007ffdb33d4000 	C:\Windows\System32\gdi32full.dll
0x00007ffdb30f0000 - 0x00007ffdb318e000 	C:\Windows\System32\msvcp_win.dll
0x00007ffdb33e0000 - 0x00007ffdb34da000 	C:\Windows\System32\ucrtbase.dll
0x00007ffda2390000 - 0x00007ffda2615000 	C:\Windows\WinSxS\amd64_microsoft.windows.common-controls_6595b64144ccf1df_6.0.18362.535_none_e6c3b34713100821\COMCTL32.dll
0x00007ffdb4090000 - 0x00007ffdb43c6000 	C:\Windows\System32\combase.dll
0x00007ffdb27a0000 - 0x00007ffdb2820000 	C:\Windows\System32\bcryptPrimitives.dll
0x00007ffdb3bf0000 - 0x00007ffdb3c1e000 	C:\Windows\System32\IMM32.DLL
0x000000005c080000 - 0x000000005c152000 	C:\Program Files\Android\Android Studio\jre\jre\bin\msvcr100.dll
0x000000005c4a0000 - 0x000000005cceb000 	C:\Program Files\Android\Android Studio\jre\jre\bin\server\jvm.dll
0x00007ffdb5690000 - 0x00007ffdb5698000 	C:\Windows\System32\PSAPI.DLL
0x00007ffdaffa0000 - 0x00007ffdaffc4000 	C:\Windows\SYSTEM32\WINMM.dll
0x00007ffda14c0000 - 0x00007ffda14c9000 	C:\Windows\SYSTEM32\WSOCK32.dll
0x00007ffdaff70000 - 0x00007ffdaff9d000 	C:\Windows\SYSTEM32\WINMMBASE.dll
0x00007ffdb4aa0000 - 0x00007ffdb4b0f000 	C:\Windows\System32\WS2_32.dll
0x00007ffdb3590000 - 0x00007ffdb35da000 	C:\Windows\System32\cfgmgr32.dll
0x00007ffdb22b0000 - 0x00007ffdb22ba000 	C:\Windows\SYSTEM32\VERSION.dll
0x00007ffdb0040000 - 0x00007ffdb004f000 	C:\Program Files\Android\Android Studio\jre\jre\bin\verify.dll
0x00007ffd9e5b0000 - 0x00007ffd9e5d9000 	C:\Program Files\Android\Android Studio\jre\jre\bin\java.dll
0x00007ffdacdc0000 - 0x00007ffdacdd6000 	C:\Program Files\Android\Android Studio\jre\jre\bin\zip.dll
0x00007ffdb4be0000 - 0x00007ffdb52c5000 	C:\Windows\System32\SHELL32.dll
0x00007ffdb5330000 - 0x00007ffdb53d9000 	C:\Windows\System32\shcore.dll
0x00007ffdb2970000 - 0x00007ffdb30ef000 	C:\Windows\System32\windows.storage.dll
0x00007ffdb2750000 - 0x00007ffdb276f000 	C:\Windows\System32\profapi.dll
0x00007ffdb2700000 - 0x00007ffdb274a000 	C:\Windows\System32\powrprof.dll
0x00007ffdb26b0000 - 0x00007ffdb26c0000 	C:\Windows\System32\UMPDC.dll
0x00007ffdb5620000 - 0x00007ffdb5672000 	C:\Windows\System32\shlwapi.dll
0x00007ffdb26e0000 - 0x00007ffdb26f1000 	C:\Windows\System32\kernel.appcore.dll
0x00007ffdb31f0000 - 0x00007ffdb3207000 	C:\Windows\System32\cryptsp.dll
0x00007ffda6430000 - 0x00007ffda644a000 	C:\Program Files\Android\Android Studio\jre\jre\bin\net.dll
0x00007ffdb1eb0000 - 0x00007ffdb1f17000 	C:\Windows\system32\mswsock.dll
0x00007ffda5c20000 - 0x00007ffda5c33000 	C:\Program Files\Android\Android Studio\jre\jre\bin\nio.dll
0x00007ffda63c0000 - 0x00007ffda63e6000 	C:\Users\Kemane Donfack\.gradle\native\31\windows-amd64\native-platform.dll
0x00007ffdad0f0000 - 0x00007ffdad0fd000 	C:\Program Files\Android\Android Studio\jre\jre\bin\management.dll
0x00007ffdb19c0000 - 0x00007ffdb19f3000 	C:\Windows\system32\rsaenh.dll
0x00007ffdb2770000 - 0x00007ffdb2796000 	C:\Windows\System32\bcrypt.dll
0x00007ffdb25a0000 - 0x00007ffdb25c5000 	C:\Windows\SYSTEM32\USERENV.dll
0x00007ffdb2080000 - 0x00007ffdb208c000 	C:\Windows\SYSTEM32\CRYPTBASE.dll
0x00007ffdb1bc0000 - 0x00007ffdb1bfa000 	C:\Windows\SYSTEM32\IPHLPAPI.DLL
0x00007ffdb48c0000 - 0x00007ffdb48c8000 	C:\Windows\System32\NSI.dll
0x00007ffda8ce0000 - 0x00007ffda8cf6000 	C:\Windows\SYSTEM32\dhcpcsvc6.DLL
0x00007ffda8e70000 - 0x00007ffda8e8c000 	C:\Windows\SYSTEM32\dhcpcsvc.DLL
0x00007ffdb1c00000 - 0x00007ffdb1cca000 	C:\Windows\SYSTEM32\DNSAPI.dll
0x00007ffda1520000 - 0x00007ffda1714000 	C:\Windows\SYSTEM32\dbghelp.dll

VM Arguments:
jvm_args: -Xmx2048m -Dfile.encoding=windows-1252 -Duser.country=FR -Duser.language=fr -Duser.variant 
java_command: org.gradle.launcher.daemon.bootstrap.GradleDaemon 6.1.1
java_class_path (initial): C:\Users\Kemane Donfack\.gradle\wrapper\dists\gradle-6.1.1-all\cfmwm155h49vnt3hynmlrsdst\gradle-6.1.1\lib\gradle-launcher-6.1.1.jar
Launcher Type: SUN_STANDARD

Environment Variables:
PATH=C:\app\Kemane_Donfack\product\11.2.0\dbhome_1\bin;C:\Program Files (x86)\Common Files\Oracle\Java\javapath;C:\Program Files (x86)\NVIDIA Corporation\PhysX\Common;C:\Windows\system32;C:\Windows;C:\Windows\System32\Wbem;C:\Windows\System32\WindowsPowerShell\v1.0\;C:\Windows\System32\OpenSSH\;C:\laragon\bin\php\php-7.2.19-Win32-VC15-x64;C:\laragon\bin\nodejs\node-v12;C:\laragon\bin\mysql\mysql-5.7.24-winx64\bin;C:\src\flutter\bin;C:\Program Files\nodejs\;C:\Program Files\Git\cmd;C:\Program Files\PostgreSQL\12\bin;C:\src\flutter\dart-sdk\bin;C:\src\Android\android-sdk\platform-tools;C:\src\Android\android-sdk\platforms\android-28;C:\composer;C:\Program Files\Microsoft SQL Server\Client SDK\ODBC\130\Tools\Binn\;C:\Program Files (x86)\Microsoft SQL Server\140\Tools\Binn\;C:\Program Files\Microsoft SQL Server\140\Tools\Binn\;C:\Program Files\Microsoft SQL Server\140\DTS\Binn\;C:\Program Files (x86)\Microsoft SQL Server\Client SDK\ODBC\130\Tools\Binn\;C:\Program Files (x86)\Microsoft SQL Server\140\DTS\Binn\;C:\Program Files (x86)\Microsoft SQL Server\140\Tools\Binn\ManagementStudio\;C:\Users\Kemane Donfack\AppData\Local\Programs\Python\Python38\Scripts\;C:\Users\Kemane Donfack\AppData\Local\Programs\Python\Python38\;C:\Users\Kemane Donfack\AppData\Local\Microsoft\WindowsApps;C:\Users\Kemane Donfack\AppData\Local\Programs\Microsoft VS Code\bin;C:\Users\Kemane Donfack\AppData\Roaming\Composer\vendor\bin;C:\Users\Kemane Donfack\AppData\Roaming\npm;
USERNAME=Kemane Donfack
OS=Windows_NT
PROCESSOR_IDENTIFIER=Intel64 Family 6 Model 58 Stepping 9, GenuineIntel



---------------  S Y S T E M  ---------------

OS: Windows 10.0 , 64 bit Build 18362 (10.0.18362.329)

CPU:total 4 (initial active 4) (2 cores per cpu, 2 threads per core) family 6 model 58 stepping 9, cmov, cx8, fxsr, mmx, sse, sse2, sse3, ssse3, sse4.1, sse4.2, popcnt, avx, clmul, erms, ht, tsc, tscinvbit, tscinv

Memory: 4k page, physical 6161460k(958080k free), swap 14891236k(4786272k free)

vm_info: OpenJDK 64-Bit Server VM (25.242-b01) for windows-amd64 JRE (1.8.0_242-release-1644-b01), built by "builder" with MS VC++ 10.0 (VS2010)

time: Mon Feb 15 18:56:15 2021
timezone: Afr. centrale Ouest
elapsed time: 63 seconds (0d 0h 1m 3s)

